{"E:\\repos_github\\html-parser\\src\\attribute-parser.ts": {"path":"E:\\repos_github\\html-parser\\src\\attribute-parser.ts","statementMap":{"0":{"start":{"line":1,"column":0},"end":{"line":1,"column":35}},"1":{"start":{"line":3,"column":21},"end":{"line":6,"column":1}},"2":{"start":{"line":14,"column":0},"end":{"line":185,"column":0}},"3":{"start":{"line":17,"column":10},"end":{"line":23,"column":4}},"4":{"start":{"line":32,"column":10},"end":{"line":40,"column":3}},"5":{"start":{"line":33,"column":4},"end":{"line":39,"column":6}},"6":{"start":{"line":50,"column":10},"end":{"line":57,"column":3}},"7":{"start":{"line":51,"column":13},"end":{"line":51,"column":17}},"8":{"start":{"line":52,"column":4},"end":{"line":55,"column":5}},"9":{"start":{"line":53,"column":6},"end":{"line":53,"column":57}},"10":{"start":{"line":54,"column":6},"end":{"line":54,"column":30}},"11":{"start":{"line":56,"column":4},"end":{"line":56,"column":14}},"12":{"start":{"line":68,"column":10},"end":{"line":87,"column":3}},"13":{"start":{"line":69,"column":15},"end":{"line":69,"column":17}},"14":{"start":{"line":70,"column":4},"end":{"line":70,"column":27}},"15":{"start":{"line":71,"column":4},"end":{"line":85,"column":5}},"16":{"start":{"line":72,"column":15},"end":{"line":72,"column":33}},"17":{"start":{"line":73,"column":6},"end":{"line":79,"column":7}},"18":{"start":{"line":74,"column":8},"end":{"line":77,"column":9}},"19":{"start":{"line":75,"column":10},"end":{"line":76,"column":42}},"20":{"start":{"line":78,"column":8},"end":{"line":78,"column":14}},"21":{"start":{"line":80,"column":6},"end":{"line":84,"column":7}},"22":{"start":{"line":81,"column":8},"end":{"line":81,"column":45}},"23":{"start":{"line":82,"column":13},"end":{"line":84,"column":7}},"24":{"start":{"line":83,"column":8},"end":{"line":83,"column":46}},"25":{"start":{"line":86,"column":4},"end":{"line":86,"column":16}},"26":{"start":{"line":98,"column":10},"end":{"line":114,"column":3}},"27":{"start":{"line":99,"column":4},"end":{"line":113,"column":5}},"28":{"start":{"line":101,"column":6},"end":{"line":101,"column":56}},"29":{"start":{"line":102,"column":11},"end":{"line":113,"column":5}},"30":{"start":{"line":105,"column":11},"end":{"line":113,"column":5}},"31":{"start":{"line":107,"column":6},"end":{"line":110,"column":7}},"32":{"start":{"line":108,"column":8},"end":{"line":108,"column":41}},"33":{"start":{"line":109,"column":8},"end":{"line":109,"column":33}},"34":{"start":{"line":112,"column":6},"end":{"line":112,"column":53}},"35":{"start":{"line":125,"column":10},"end":{"line":142,"column":3}},"36":{"start":{"line":126,"column":4},"end":{"line":141,"column":5}},"37":{"start":{"line":127,"column":20},"end":{"line":127,"column":43}},"38":{"start":{"line":128,"column":19},"end":{"line":128,"column":72}},"39":{"start":{"line":129,"column":6},"end":{"line":138,"column":7}},"40":{"start":{"line":132,"column":8},"end":{"line":132,"column":57}},"41":{"start":{"line":134,"column":8},"end":{"line":134,"column":57}},"42":{"start":{"line":135,"column":8},"end":{"line":135,"column":57}},"43":{"start":{"line":136,"column":8},"end":{"line":136,"column":33}},"44":{"start":{"line":137,"column":8},"end":{"line":137,"column":34}},"45":{"start":{"line":140,"column":6},"end":{"line":140,"column":55}},"46":{"start":{"line":152,"column":9},"end":{"line":164,"column":3}},"47":{"start":{"line":153,"column":4},"end":{"line":153,"column":17}},"48":{"start":{"line":154,"column":15},"end":{"line":154,"column":17}},"49":{"start":{"line":155,"column":26},"end":{"line":155,"column":42}},"50":{"start":{"line":156,"column":27},"end":{"line":156,"column":47}},"51":{"start":{"line":157,"column":4},"end":{"line":162,"column":5}},"52":{"start":{"line":159,"column":17},"end":{"line":159,"column":65}},"53":{"start":{"line":160,"column":6},"end":{"line":160,"column":25}},"54":{"start":{"line":161,"column":6},"end":{"line":161,"column":31}},"55":{"start":{"line":163,"column":4},"end":{"line":163,"column":16}},"56":{"start":{"line":174,"column":9},"end":{"line":184,"column":3}},"57":{"start":{"line":175,"column":19},"end":{"line":175,"column":21}},"58":{"start":{"line":176,"column":4},"end":{"line":182,"column":5}},"59":{"start":{"line":177,"column":6},"end":{"line":181,"column":7}},"60":{"start":{"line":178,"column":8},"end":{"line":178,"column":30}},"61":{"start":{"line":180,"column":8},"end":{"line":180,"column":54}},"62":{"start":{"line":183,"column":4},"end":{"line":183,"column":27}},"63":{"start":{"line":185,"column":0},"end":{"line":185,"column":1}},"64":{"start":{"line":14,"column":13},"end":{"line":14,"column":28}}},"fnMap":{"0":{"name":"(anonymous_0)","decl":{"start":{"line":14,"column":0},"end":{"line":null,"column":-1}},"loc":{"start":{"line":14,"column":0},"end":{"line":14,"column":-1}}},"1":{"name":"(anonymous_2)","decl":{"start":{"line":32,"column":2},"end":{"line":null,"column":-1}},"loc":{"start":{"line":32,"column":2},"end":{"line":40,"column":3}}},"2":{"name":"(anonymous_3)","decl":{"start":{"line":50,"column":2},"end":{"line":null,"column":-1}},"loc":{"start":{"line":50,"column":2},"end":{"line":57,"column":3}}},"3":{"name":"(anonymous_4)","decl":{"start":{"line":68,"column":2},"end":{"line":68,"column":16}},"loc":{"start":{"line":68,"column":29},"end":{"line":87,"column":3}}},"4":{"name":"(anonymous_5)","decl":{"start":{"line":98,"column":2},"end":{"line":98,"column":31}},"loc":{"start":{"line":98,"column":48},"end":{"line":114,"column":3}}},"5":{"name":"(anonymous_6)","decl":{"start":{"line":125,"column":2},"end":{"line":125,"column":32}},"loc":{"start":{"line":125,"column":49},"end":{"line":142,"column":3}}},"6":{"name":"(anonymous_7)","decl":{"start":{"line":152,"column":2},"end":{"line":152,"column":14}},"loc":{"start":{"line":152,"column":26},"end":{"line":164,"column":3}}},"7":{"name":"(anonymous_8)","decl":{"start":{"line":174,"column":2},"end":{"line":174,"column":16}},"loc":{"start":{"line":174,"column":50},"end":{"line":184,"column":3}}}},"branchMap":{"0":{"loc":{"start":{"line":52,"column":4},"end":{"line":55,"column":5}},"type":"if","locations":[{"start":{"line":52,"column":4},"end":{"line":55,"column":5}},{"start":{"line":52,"column":4},"end":{"line":55,"column":5}}]},"1":{"loc":{"start":{"line":73,"column":6},"end":{"line":79,"column":7}},"type":"if","locations":[{"start":{"line":73,"column":6},"end":{"line":79,"column":7}},{"start":{"line":73,"column":6},"end":{"line":79,"column":7}}]},"2":{"loc":{"start":{"line":74,"column":8},"end":{"line":77,"column":9}},"type":"if","locations":[{"start":{"line":74,"column":8},"end":{"line":77,"column":9}},{"start":{"line":74,"column":8},"end":{"line":77,"column":9}}]},"3":{"loc":{"start":{"line":76,"column":14},"end":{"line":76,"column":34}},"type":"cond-expr","locations":[{"start":{"line":76,"column":14},"end":{"line":76,"column":34}},{"start":{"line":76,"column":37},"end":{"line":76,"column":41}}]},"4":{"loc":{"start":{"line":80,"column":6},"end":{"line":84,"column":7}},"type":"if","locations":[{"start":{"line":80,"column":6},"end":{"line":84,"column":7}},{"start":{"line":80,"column":6},"end":{"line":84,"column":7}}]},"5":{"loc":{"start":{"line":82,"column":13},"end":{"line":84,"column":7}},"type":"if","locations":[{"start":{"line":82,"column":13},"end":{"line":84,"column":7}},{"start":{"line":82,"column":13},"end":{"line":84,"column":7}}]},"6":{"loc":{"start":{"line":99,"column":4},"end":{"line":113,"column":5}},"type":"if","locations":[{"start":{"line":99,"column":4},"end":{"line":113,"column":5}},{"start":{"line":99,"column":4},"end":{"line":113,"column":5}}]},"7":{"loc":{"start":{"line":102,"column":11},"end":{"line":113,"column":5}},"type":"if","locations":[{"start":{"line":102,"column":11},"end":{"line":113,"column":5}},{"start":{"line":102,"column":11},"end":{"line":113,"column":5}}]},"8":{"loc":{"start":{"line":105,"column":11},"end":{"line":113,"column":5}},"type":"if","locations":[{"start":{"line":105,"column":11},"end":{"line":113,"column":5}},{"start":{"line":105,"column":11},"end":{"line":113,"column":5}}]},"9":{"loc":{"start":{"line":107,"column":6},"end":{"line":110,"column":7}},"type":"if","locations":[{"start":{"line":107,"column":6},"end":{"line":110,"column":7}},{"start":{"line":107,"column":6},"end":{"line":110,"column":7}}]},"10":{"loc":{"start":{"line":126,"column":4},"end":{"line":141,"column":5}},"type":"if","locations":[{"start":{"line":126,"column":4},"end":{"line":141,"column":5}},{"start":{"line":126,"column":4},"end":{"line":141,"column":5}}]},"11":{"loc":{"start":{"line":129,"column":6},"end":{"line":138,"column":7}},"type":"if","locations":[{"start":{"line":129,"column":6},"end":{"line":138,"column":7}},{"start":{"line":129,"column":6},"end":{"line":138,"column":7}}]},"12":{"loc":{"start":{"line":129,"column":10},"end":{"line":129,"column":25}},"type":"binary-expr","locations":[{"start":{"line":129,"column":10},"end":{"line":129,"column":25}},{"start":{"line":129,"column":29},"end":{"line":129,"column":44}},{"start":{"line":129,"column":49},"end":{"line":129,"column":67}}]},"13":{"loc":{"start":{"line":157,"column":4},"end":{"line":162,"column":5}},"type":"if","locations":[{"start":{"line":157,"column":4},"end":{"line":162,"column":5}},{"start":{"line":157,"column":4},"end":{"line":162,"column":5}}]},"14":{"loc":{"start":{"line":157,"column":7},"end":{"line":157,"column":27}},"type":"binary-expr","locations":[{"start":{"line":157,"column":7},"end":{"line":157,"column":27}},{"start":{"line":157,"column":31},"end":{"line":157,"column":65}}]},"15":{"loc":{"start":{"line":177,"column":6},"end":{"line":181,"column":7}},"type":"if","locations":[{"start":{"line":177,"column":6},"end":{"line":181,"column":7}},{"start":{"line":177,"column":6},"end":{"line":181,"column":7}}]}},"s":{"0":1,"1":1,"2":1,"3":73,"4":1,"5":65,"6":1,"7":526,"8":526,"9":503,"10":503,"11":526,"12":1,"13":23,"14":23,"15":23,"16":526,"17":526,"18":23,"19":15,"20":23,"21":503,"22":273,"23":230,"24":230,"25":23,"26":1,"27":273,"28":32,"29":241,"30":233,"31":22,"32":5,"33":5,"34":211,"35":1,"36":230,"37":27,"38":27,"39":27,"40":10,"41":17,"42":17,"43":17,"44":17,"45":203,"46":1,"47":65,"48":65,"49":65,"50":65,"51":65,"52":23,"53":23,"54":23,"55":65,"56":1,"57":18,"58":18,"59":5,"60":1,"61":4,"62":18,"63":1,"64":1},"f":{"0":74,"1":65,"2":526,"3":23,"4":273,"5":230,"6":65,"7":18},"b":{"0":[503,23],"1":[23,503],"2":[15,8],"3":[15,0],"4":[273,230],"5":[230,0],"6":[32,241],"7":[8,233],"8":[22,211],"9":[5,17],"10":[27,203],"11":[10,17],"12":[27,13,25],"13":[23,42],"14":[65,23],"15":[1,4]}}
,"E:\\repos_github\\html-parser\\src\\clean-parser.ts": {"path":"E:\\repos_github\\html-parser\\src\\clean-parser.ts","statementMap":{"0":{"start":{"line":2,"column":0},"end":{"line":2,"column":54}},"1":{"start":{"line":3,"column":0},"end":{"line":3,"column":35}},"2":{"start":{"line":12,"column":0},"end":{"line":106,"column":0}},"3":{"start":{"line":24,"column":10},"end":{"line":31,"column":3}},"4":{"start":{"line":25,"column":4},"end":{"line":25,"column":28}},"5":{"start":{"line":26,"column":4},"end":{"line":27,"column":39}},"6":{"start":{"line":28,"column":4},"end":{"line":30,"column":44}},"7":{"start":{"line":43,"column":10},"end":{"line":57,"column":3}},"8":{"start":{"line":44,"column":4},"end":{"line":46,"column":5}},"9":{"start":{"line":45,"column":6},"end":{"line":45,"column":13}},"10":{"start":{"line":47,"column":15},"end":{"line":47,"column":27}},"11":{"start":{"line":48,"column":4},"end":{"line":55,"column":5}},"12":{"start":{"line":50,"column":6},"end":{"line":50,"column":29}},"13":{"start":{"line":51,"column":6},"end":{"line":51,"column":14}},"14":{"start":{"line":52,"column":11},"end":{"line":55,"column":5}},"15":{"start":{"line":54,"column":6},"end":{"line":54,"column":53}},"16":{"start":{"line":56,"column":4},"end":{"line":56,"column":49}},"17":{"start":{"line":69,"column":10},"end":{"line":85,"column":3}},"18":{"start":{"line":70,"column":4},"end":{"line":72,"column":5}},"19":{"start":{"line":71,"column":6},"end":{"line":71,"column":13}},"20":{"start":{"line":73,"column":15},"end":{"line":73,"column":27}},"21":{"start":{"line":74,"column":4},"end":{"line":83,"column":5}},"22":{"start":{"line":75,"column":6},"end":{"line":77,"column":7}},"23":{"start":{"line":76,"column":8},"end":{"line":76,"column":55}},"24":{"start":{"line":78,"column":24},"end":{"line":78,"column":67}},"25":{"start":{"line":79,"column":6},"end":{"line":82,"column":7}},"26":{"start":{"line":80,"column":8},"end":{"line":80,"column":31}},"27":{"start":{"line":81,"column":8},"end":{"line":81,"column":16}},"28":{"start":{"line":84,"column":4},"end":{"line":84,"column":49}},"29":{"start":{"line":96,"column":2},"end":{"line":105,"column":3}},"30":{"start":{"line":97,"column":4},"end":{"line":97,"column":29}},"31":{"start":{"line":98,"column":4},"end":{"line":100,"column":5}},"32":{"start":{"line":99,"column":6},"end":{"line":99,"column":49}},"33":{"start":{"line":101,"column":4},"end":{"line":103,"column":5}},"34":{"start":{"line":102,"column":6},"end":{"line":102,"column":49}},"35":{"start":{"line":104,"column":4},"end":{"line":104,"column":21}},"36":{"start":{"line":106,"column":0},"end":{"line":106,"column":1}},"37":{"start":{"line":12,"column":13},"end":{"line":12,"column":24}}},"fnMap":{"0":{"name":"(anonymous_0)","decl":{"start":{"line":12,"column":0},"end":{"line":null,"column":-1}},"loc":{"start":{"line":12,"column":0},"end":{"line":12,"column":-1}}},"1":{"name":"(anonymous_2)","decl":{"start":{"line":24,"column":2},"end":{"line":24,"column":20}},"loc":{"start":{"line":24,"column":43},"end":{"line":31,"column":3}}},"2":{"name":"(anonymous_3)","decl":{"start":{"line":43,"column":2},"end":{"line":43,"column":33}},"loc":{"start":{"line":43,"column":70},"end":{"line":57,"column":3}}},"3":{"name":"(anonymous_4)","decl":{"start":{"line":69,"column":2},"end":{"line":69,"column":33}},"loc":{"start":{"line":69,"column":70},"end":{"line":85,"column":3}}},"4":{"name":"(anonymous_5)","decl":{"start":{"line":96,"column":2},"end":{"line":96,"column":7}},"loc":{"start":{"line":96,"column":58},"end":{"line":105,"column":3}}}},"branchMap":{"0":{"loc":{"start":{"line":25,"column":14},"end":{"line":25,"column":21}},"type":"binary-expr","locations":[{"start":{"line":25,"column":14},"end":{"line":25,"column":21}},{"start":{"line":25,"column":25},"end":{"line":25,"column":27}}]},"1":{"loc":{"start":{"line":27,"column":8},"end":{"line":27,"column":31}},"type":"cond-expr","locations":[{"start":{"line":27,"column":8},"end":{"line":27,"column":31}},{"start":{"line":27,"column":34},"end":{"line":27,"column":38}}]},"2":{"loc":{"start":{"line":30,"column":8},"end":{"line":30,"column":36}},"type":"cond-expr","locations":[{"start":{"line":30,"column":8},"end":{"line":30,"column":36}},{"start":{"line":30,"column":39},"end":{"line":30,"column":43}}]},"3":{"loc":{"start":{"line":44,"column":4},"end":{"line":46,"column":5}},"type":"if","locations":[{"start":{"line":44,"column":4},"end":{"line":46,"column":5}},{"start":{"line":44,"column":4},"end":{"line":46,"column":5}}]},"4":{"loc":{"start":{"line":48,"column":4},"end":{"line":55,"column":5}},"type":"if","locations":[{"start":{"line":48,"column":4},"end":{"line":55,"column":5}},{"start":{"line":48,"column":4},"end":{"line":55,"column":5}}]},"5":{"loc":{"start":{"line":48,"column":7},"end":{"line":48,"column":39}},"type":"binary-expr","locations":[{"start":{"line":48,"column":7},"end":{"line":48,"column":39}},{"start":{"line":49,"column":7},"end":{"line":49,"column":52}}]},"6":{"loc":{"start":{"line":52,"column":11},"end":{"line":55,"column":5}},"type":"if","locations":[{"start":{"line":52,"column":11},"end":{"line":55,"column":5}},{"start":{"line":52,"column":11},"end":{"line":55,"column":5}}]},"7":{"loc":{"start":{"line":52,"column":14},"end":{"line":52,"column":45}},"type":"binary-expr","locations":[{"start":{"line":52,"column":14},"end":{"line":52,"column":45}},{"start":{"line":52,"column":49},"end":{"line":52,"column":62}},{"start":{"line":53,"column":7},"end":{"line":53,"column":31}}]},"8":{"loc":{"start":{"line":70,"column":4},"end":{"line":72,"column":5}},"type":"if","locations":[{"start":{"line":70,"column":4},"end":{"line":72,"column":5}},{"start":{"line":70,"column":4},"end":{"line":72,"column":5}}]},"9":{"loc":{"start":{"line":74,"column":4},"end":{"line":83,"column":5}},"type":"if","locations":[{"start":{"line":74,"column":4},"end":{"line":83,"column":5}},{"start":{"line":74,"column":4},"end":{"line":83,"column":5}}]},"10":{"loc":{"start":{"line":75,"column":6},"end":{"line":77,"column":7}},"type":"if","locations":[{"start":{"line":75,"column":6},"end":{"line":77,"column":7}},{"start":{"line":75,"column":6},"end":{"line":77,"column":7}}]},"11":{"loc":{"start":{"line":75,"column":9},"end":{"line":75,"column":22}},"type":"binary-expr","locations":[{"start":{"line":75,"column":9},"end":{"line":75,"column":22}},{"start":{"line":75,"column":26},"end":{"line":75,"column":50}}]},"12":{"loc":{"start":{"line":78,"column":24},"end":{"line":78,"column":38}},"type":"binary-expr","locations":[{"start":{"line":78,"column":24},"end":{"line":78,"column":38}},{"start":{"line":78,"column":42},"end":{"line":78,"column":67}}]},"13":{"loc":{"start":{"line":79,"column":6},"end":{"line":82,"column":7}},"type":"if","locations":[{"start":{"line":79,"column":6},"end":{"line":82,"column":7}},{"start":{"line":79,"column":6},"end":{"line":82,"column":7}}]},"14":{"loc":{"start":{"line":79,"column":9},"end":{"line":79,"column":43}},"type":"binary-expr","locations":[{"start":{"line":79,"column":9},"end":{"line":79,"column":43}},{"start":{"line":79,"column":47},"end":{"line":79,"column":57}}]},"15":{"loc":{"start":{"line":98,"column":4},"end":{"line":100,"column":5}},"type":"if","locations":[{"start":{"line":98,"column":4},"end":{"line":100,"column":5}},{"start":{"line":98,"column":4},"end":{"line":100,"column":5}}]},"16":{"loc":{"start":{"line":101,"column":4},"end":{"line":103,"column":5}},"type":"if","locations":[{"start":{"line":101,"column":4},"end":{"line":103,"column":5}},{"start":{"line":101,"column":4},"end":{"line":103,"column":5}}]}},"s":{"0":1,"1":1,"2":1,"3":1,"4":4,"5":4,"6":4,"7":1,"8":38,"9":12,"10":26,"11":26,"12":9,"13":9,"14":17,"15":10,"16":26,"17":1,"18":36,"19":12,"20":24,"21":24,"22":18,"23":9,"24":18,"25":18,"26":11,"27":11,"28":24,"29":1,"30":4,"31":4,"32":2,"33":4,"34":3,"35":4,"36":1,"37":1},"f":{"0":3,"1":4,"2":38,"3":36,"4":4},"b":{"0":[4,1],"1":[1,3],"2":[2,2],"3":[12,26],"4":[9,17],"5":[26,12],"6":[10,7],"7":[17,14,14],"8":[12,24],"9":[18,6],"10":[9,9],"11":[18,18],"12":[18,18],"13":[11,7],"14":[18,16],"15":[2,2],"16":[3,1]}}
,"E:\\repos_github\\html-parser\\src\\constants.ts": {"path":"E:\\repos_github\\html-parser\\src\\constants.ts","statementMap":{"0":{"start":{"line":1,"column":13},"end":{"line":5,"column":2}},"1":{"start":{"line":7,"column":13},"end":{"line":22,"column":2}},"2":{"start":{"line":24,"column":13},"end":{"line":29,"column":2}},"3":{"start":{"line":31,"column":13},"end":{"line":37,"column":2}},"4":{"start":{"line":39,"column":13},"end":{"line":42,"column":2}}},"fnMap":{},"branchMap":{},"s":{"0":1,"1":1,"2":1,"3":1,"4":1},"f":{},"b":{}}
,"E:\\repos_github\\html-parser\\src\\html-parser.ts": {"path":"E:\\repos_github\\html-parser\\src\\html-parser.ts","statementMap":{"0":{"start":{"line":1,"column":0},"end":{"line":1,"column":35}},"1":{"start":{"line":2,"column":0},"end":{"line":8,"column":20}},"2":{"start":{"line":15,"column":0},"end":{"line":15,"column":52}},"3":{"start":{"line":16,"column":0},"end":{"line":16,"column":44}},"4":{"start":{"line":25,"column":0},"end":{"line":537,"column":0}},"5":{"start":{"line":29,"column":10},"end":{"line":29,"column":47}},"6":{"start":{"line":30,"column":10},"end":{"line":31,"column":48}},"7":{"start":{"line":32,"column":10},"end":{"line":32,"column":63}},"8":{"start":{"line":41,"column":10},"end":{"line":48,"column":3}},"9":{"start":{"line":42,"column":4},"end":{"line":47,"column":6}},"10":{"start":{"line":59,"column":10},"end":{"line":69,"column":3}},"11":{"start":{"line":60,"column":4},"end":{"line":62,"column":5}},"12":{"start":{"line":61,"column":6},"end":{"line":61,"column":46}},"13":{"start":{"line":63,"column":4},"end":{"line":68,"column":5}},"14":{"start":{"line":64,"column":6},"end":{"line":64,"column":68}},"15":{"start":{"line":64,"column":37},"end":{"line":64,"column":66}},"16":{"start":{"line":65,"column":6},"end":{"line":65,"column":44}},"17":{"start":{"line":67,"column":6},"end":{"line":67,"column":38}},"18":{"start":{"line":80,"column":10},"end":{"line":85,"column":3}},"19":{"start":{"line":81,"column":4},"end":{"line":84,"column":6}},"20":{"start":{"line":96,"column":10},"end":{"line":101,"column":3}},"21":{"start":{"line":97,"column":4},"end":{"line":100,"column":6}},"22":{"start":{"line":112,"column":10},"end":{"line":126,"column":3}},"23":{"start":{"line":113,"column":26},"end":{"line":113,"column":42}},"24":{"start":{"line":114,"column":27},"end":{"line":114,"column":43}},"25":{"start":{"line":115,"column":19},"end":{"line":116,"column":42}},"26":{"start":{"line":117,"column":15},"end":{"line":117,"column":41}},"27":{"start":{"line":118,"column":4},"end":{"line":118,"column":42}},"28":{"start":{"line":119,"column":4},"end":{"line":125,"column":6}},"29":{"start":{"line":137,"column":10},"end":{"line":149,"column":3}},"30":{"start":{"line":138,"column":4},"end":{"line":138,"column":30}},"31":{"start":{"line":139,"column":4},"end":{"line":147,"column":5}},"32":{"start":{"line":140,"column":6},"end":{"line":140,"column":29}},"33":{"start":{"line":141,"column":11},"end":{"line":147,"column":5}},"34":{"start":{"line":142,"column":6},"end":{"line":142,"column":29}},"35":{"start":{"line":143,"column":11},"end":{"line":147,"column":5}},"36":{"start":{"line":144,"column":6},"end":{"line":144,"column":30}},"37":{"start":{"line":145,"column":11},"end":{"line":147,"column":5}},"38":{"start":{"line":146,"column":6},"end":{"line":146,"column":31}},"39":{"start":{"line":148,"column":4},"end":{"line":148,"column":29}},"40":{"start":{"line":160,"column":10},"end":{"line":182,"column":3}},"41":{"start":{"line":161,"column":14},"end":{"line":161,"column":15}},"42":{"start":{"line":162,"column":4},"end":{"line":180,"column":5}},"43":{"start":{"line":163,"column":6},"end":{"line":178,"column":7}},"44":{"start":{"line":164,"column":8},"end":{"line":167,"column":10}},"45":{"start":{"line":168,"column":13},"end":{"line":178,"column":7}},"46":{"start":{"line":169,"column":8},"end":{"line":172,"column":9}},"47":{"start":{"line":173,"column":13},"end":{"line":178,"column":7}},"48":{"start":{"line":174,"column":8},"end":{"line":177,"column":9}},"49":{"start":{"line":179,"column":6},"end":{"line":179,"column":12}},"50":{"start":{"line":181,"column":4},"end":{"line":181,"column":30}},"51":{"start":{"line":192,"column":10},"end":{"line":208,"column":3}},"52":{"start":{"line":193,"column":19},"end":{"line":193,"column":67}},"53":{"start":{"line":194,"column":20},"end":{"line":194,"column":45}},"54":{"start":{"line":195,"column":4},"end":{"line":207,"column":5}},"55":{"start":{"line":196,"column":6},"end":{"line":196,"column":69}},"56":{"start":{"line":197,"column":11},"end":{"line":207,"column":5}},"57":{"start":{"line":198,"column":6},"end":{"line":198,"column":67}},"58":{"start":{"line":199,"column":11},"end":{"line":207,"column":5}},"59":{"start":{"line":200,"column":6},"end":{"line":200,"column":68}},"60":{"start":{"line":203,"column":6},"end":{"line":206,"column":7}},"61":{"start":{"line":204,"column":23},"end":{"line":204,"column":52}},"62":{"start":{"line":205,"column":8},"end":{"line":205,"column":54}},"63":{"start":{"line":220,"column":10},"end":{"line":232,"column":3}},"64":{"start":{"line":222,"column":4},"end":{"line":227,"column":5}},"65":{"start":{"line":224,"column":17},"end":{"line":224,"column":53}},"66":{"start":{"line":225,"column":21},"end":{"line":225,"column":46}},"67":{"start":{"line":226,"column":6},"end":{"line":226,"column":52}},"68":{"start":{"line":229,"column":4},"end":{"line":229,"column":37}},"69":{"start":{"line":230,"column":4},"end":{"line":230,"column":66}},"70":{"start":{"line":231,"column":4},"end":{"line":231,"column":32}},"71":{"start":{"line":244,"column":10},"end":{"line":270,"column":3}},"72":{"start":{"line":246,"column":4},"end":{"line":251,"column":5}},"73":{"start":{"line":248,"column":17},"end":{"line":248,"column":53}},"74":{"start":{"line":249,"column":21},"end":{"line":249,"column":46}},"75":{"start":{"line":250,"column":6},"end":{"line":250,"column":52}},"76":{"start":{"line":253,"column":20},"end":{"line":253,"column":60}},"77":{"start":{"line":254,"column":18},"end":{"line":254,"column":62}},"78":{"start":{"line":255,"column":18},"end":{"line":255,"column":60}},"79":{"start":{"line":256,"column":4},"end":{"line":259,"column":5}},"80":{"start":{"line":257,"column":16},"end":{"line":257,"column":65}},"81":{"start":{"line":258,"column":6},"end":{"line":258,"column":45}},"82":{"start":{"line":258,"column":25},"end":{"line":258,"column":43}},"83":{"start":{"line":260,"column":4},"end":{"line":264,"column":5}},"84":{"start":{"line":261,"column":16},"end":{"line":262,"column":41}},"85":{"start":{"line":263,"column":6},"end":{"line":263,"column":45}},"86":{"start":{"line":263,"column":25},"end":{"line":263,"column":43}},"87":{"start":{"line":265,"column":4},"end":{"line":265,"column":38}},"88":{"start":{"line":266,"column":4},"end":{"line":266,"column":62}},"89":{"start":{"line":267,"column":24},"end":{"line":267,"column":52}},"90":{"start":{"line":268,"column":4},"end":{"line":268,"column":40}},"91":{"start":{"line":269,"column":4},"end":{"line":269,"column":31}},"92":{"start":{"line":282,"column":10},"end":{"line":301,"column":3}},"93":{"start":{"line":284,"column":4},"end":{"line":289,"column":5}},"94":{"start":{"line":286,"column":17},"end":{"line":286,"column":53}},"95":{"start":{"line":287,"column":21},"end":{"line":287,"column":46}},"96":{"start":{"line":288,"column":6},"end":{"line":288,"column":52}},"97":{"start":{"line":290,"column":27},"end":{"line":290,"column":50}},"98":{"start":{"line":291,"column":4},"end":{"line":294,"column":5}},"99":{"start":{"line":292,"column":16},"end":{"line":292,"column":61}},"100":{"start":{"line":293,"column":6},"end":{"line":293,"column":45}},"101":{"start":{"line":293,"column":25},"end":{"line":293,"column":43}},"102":{"start":{"line":295,"column":22},"end":{"line":295,"column":77}},"103":{"start":{"line":296,"column":22},"end":{"line":296,"column":57}},"104":{"start":{"line":297,"column":4},"end":{"line":297,"column":53}},"105":{"start":{"line":298,"column":4},"end":{"line":298,"column":38}},"106":{"start":{"line":299,"column":4},"end":{"line":299,"column":75}},"107":{"start":{"line":300,"column":4},"end":{"line":300,"column":32}},"108":{"start":{"line":311,"column":10},"end":{"line":335,"column":3}},"109":{"start":{"line":312,"column":19},"end":{"line":312,"column":67}},"110":{"start":{"line":313,"column":20},"end":{"line":313,"column":63}},"111":{"start":{"line":314,"column":18},"end":{"line":314,"column":50}},"112":{"start":{"line":315,"column":18},"end":{"line":315,"column":45}},"113":{"start":{"line":317,"column":4},"end":{"line":317,"column":62}},"114":{"start":{"line":318,"column":4},"end":{"line":318,"column":49}},"115":{"start":{"line":319,"column":4},"end":{"line":319,"column":38}},"116":{"start":{"line":320,"column":4},"end":{"line":334,"column":5}},"117":{"start":{"line":322,"column":6},"end":{"line":322,"column":34}},"118":{"start":{"line":323,"column":11},"end":{"line":334,"column":5}},"119":{"start":{"line":324,"column":6},"end":{"line":324,"column":41}},"120":{"start":{"line":325,"column":6},"end":{"line":325,"column":45}},"121":{"start":{"line":326,"column":6},"end":{"line":326,"column":27}},"122":{"start":{"line":327,"column":11},"end":{"line":334,"column":5}},"123":{"start":{"line":328,"column":6},"end":{"line":328,"column":42}},"124":{"start":{"line":329,"column":6},"end":{"line":329,"column":45}},"125":{"start":{"line":330,"column":6},"end":{"line":330,"column":27}},"126":{"start":{"line":332,"column":6},"end":{"line":332,"column":45}},"127":{"start":{"line":333,"column":6},"end":{"line":333,"column":27}},"128":{"start":{"line":346,"column":10},"end":{"line":380,"column":3}},"129":{"start":{"line":347,"column":26},"end":{"line":347,"column":43}},"130":{"start":{"line":348,"column":14},"end":{"line":348,"column":62}},"131":{"start":{"line":349,"column":27},"end":{"line":349,"column":44}},"132":{"start":{"line":350,"column":4},"end":{"line":352,"column":5}},"133":{"start":{"line":351,"column":6},"end":{"line":351,"column":30}},"134":{"start":{"line":353,"column":20},"end":{"line":353,"column":24}},"135":{"start":{"line":354,"column":22},"end":{"line":354,"column":27}},"136":{"start":{"line":355,"column":4},"end":{"line":378,"column":5}},"137":{"start":{"line":356,"column":15},"end":{"line":356,"column":53}},"138":{"start":{"line":357,"column":6},"end":{"line":376,"column":7}},"139":{"start":{"line":358,"column":8},"end":{"line":358,"column":19}},"140":{"start":{"line":359,"column":13},"end":{"line":376,"column":7}},"141":{"start":{"line":360,"column":8},"end":{"line":365,"column":9}},"142":{"start":{"line":361,"column":10},"end":{"line":361,"column":30}},"143":{"start":{"line":362,"column":15},"end":{"line":365,"column":9}},"144":{"start":{"line":363,"column":10},"end":{"line":363,"column":29}},"145":{"start":{"line":364,"column":10},"end":{"line":364,"column":41}},"146":{"start":{"line":366,"column":13},"end":{"line":376,"column":7}},"147":{"start":{"line":367,"column":8},"end":{"line":372,"column":9}},"148":{"start":{"line":368,"column":10},"end":{"line":368,"column":30}},"149":{"start":{"line":369,"column":15},"end":{"line":372,"column":9}},"150":{"start":{"line":370,"column":10},"end":{"line":370,"column":29}},"151":{"start":{"line":371,"column":10},"end":{"line":371,"column":41}},"152":{"start":{"line":373,"column":13},"end":{"line":376,"column":7}},"153":{"start":{"line":375,"column":8},"end":{"line":375,"column":14}},"154":{"start":{"line":377,"column":6},"end":{"line":377,"column":12}},"155":{"start":{"line":379,"column":4},"end":{"line":379,"column":27}},"156":{"start":{"line":391,"column":10},"end":{"line":394,"column":3}},"157":{"start":{"line":392,"column":21},"end":{"line":392,"column":42}},"158":{"start":{"line":393,"column":4},"end":{"line":393,"column":33}},"159":{"start":{"line":405,"column":10},"end":{"line":422,"column":3}},"160":{"start":{"line":406,"column":19},"end":{"line":406,"column":67}},"161":{"start":{"line":407,"column":22},"end":{"line":407,"column":46}},"162":{"start":{"line":408,"column":4},"end":{"line":412,"column":5}},"163":{"start":{"line":409,"column":16},"end":{"line":410,"column":19}},"164":{"start":{"line":411,"column":6},"end":{"line":411,"column":45}},"165":{"start":{"line":411,"column":25},"end":{"line":411,"column":43}},"166":{"start":{"line":413,"column":24},"end":{"line":413,"column":58}},"167":{"start":{"line":414,"column":19},"end":{"line":414,"column":53}},"168":{"start":{"line":415,"column":4},"end":{"line":415,"column":50}},"169":{"start":{"line":416,"column":4},"end":{"line":417,"column":38}},"170":{"start":{"line":418,"column":4},"end":{"line":418,"column":38}},"171":{"start":{"line":419,"column":24},"end":{"line":419,"column":52}},"172":{"start":{"line":420,"column":4},"end":{"line":420,"column":40}},"173":{"start":{"line":421,"column":4},"end":{"line":421,"column":31}},"174":{"start":{"line":432,"column":10},"end":{"line":447,"column":3}},"175":{"start":{"line":433,"column":4},"end":{"line":446,"column":5}},"176":{"start":{"line":435,"column":8},"end":{"line":435,"column":39}},"177":{"start":{"line":436,"column":8},"end":{"line":436,"column":14}},"178":{"start":{"line":438,"column":8},"end":{"line":438,"column":38}},"179":{"start":{"line":439,"column":8},"end":{"line":439,"column":14}},"180":{"start":{"line":441,"column":8},"end":{"line":441,"column":53}},"181":{"start":{"line":442,"column":8},"end":{"line":442,"column":14}},"182":{"start":{"line":444,"column":8},"end":{"line":444,"column":54}},"183":{"start":{"line":445,"column":8},"end":{"line":445,"column":14}},"184":{"start":{"line":458,"column":9},"end":{"line":467,"column":3}},"185":{"start":{"line":461,"column":4},"end":{"line":461,"column":46}},"186":{"start":{"line":462,"column":4},"end":{"line":462,"column":52}},"187":{"start":{"line":463,"column":4},"end":{"line":463,"column":17}},"188":{"start":{"line":464,"column":4},"end":{"line":464,"column":27}},"189":{"start":{"line":465,"column":4},"end":{"line":465,"column":22}},"190":{"start":{"line":466,"column":4},"end":{"line":466,"column":29}},"191":{"start":{"line":477,"column":9},"end":{"line":481,"column":3}},"192":{"start":{"line":479,"column":4},"end":{"line":479,"column":70}},"193":{"start":{"line":480,"column":4},"end":{"line":480,"column":47}},"194":{"start":{"line":494,"column":10},"end":{"line":522,"column":3}},"195":{"start":{"line":495,"column":4},"end":{"line":497,"column":5}},"196":{"start":{"line":496,"column":6},"end":{"line":496,"column":18}},"197":{"start":{"line":498,"column":15},"end":{"line":498,"column":31}},"198":{"start":{"line":499,"column":4},"end":{"line":499,"column":60}},"199":{"start":{"line":499,"column":31},"end":{"line":499,"column":58}},"200":{"start":{"line":500,"column":4},"end":{"line":519,"column":5}},"201":{"start":{"line":501,"column":6},"end":{"line":501,"column":24}},"202":{"start":{"line":502,"column":11},"end":{"line":519,"column":5}},"203":{"start":{"line":503,"column":6},"end":{"line":503,"column":41}},"204":{"start":{"line":505,"column":23},"end":{"line":505,"column":44}},"205":{"start":{"line":506,"column":21},"end":{"line":506,"column":56}},"206":{"start":{"line":507,"column":6},"end":{"line":507,"column":67}},"207":{"start":{"line":509,"column":6},"end":{"line":518,"column":7}},"208":{"start":{"line":510,"column":8},"end":{"line":510,"column":51}},"209":{"start":{"line":512,"column":8},"end":{"line":512,"column":49}},"210":{"start":{"line":513,"column":8},"end":{"line":516,"column":9}},"211":{"start":{"line":514,"column":24},"end":{"line":514,"column":63}},"212":{"start":{"line":515,"column":10},"end":{"line":515,"column":26}},"213":{"start":{"line":517,"column":8},"end":{"line":517,"column":39}},"214":{"start":{"line":520,"column":4},"end":{"line":520,"column":12}},"215":{"start":{"line":521,"column":4},"end":{"line":521,"column":53}},"216":{"start":{"line":533,"column":9},"end":{"line":536,"column":3}},"217":{"start":{"line":534,"column":22},"end":{"line":534,"column":39}},"218":{"start":{"line":535,"column":4},"end":{"line":535,"column":45}},"219":{"start":{"line":537,"column":0},"end":{"line":537,"column":1}},"220":{"start":{"line":25,"column":13},"end":{"line":25,"column":23}}},"fnMap":{"0":{"name":"(anonymous_0)","decl":{"start":{"line":25,"column":0},"end":{"line":null,"column":-1}},"loc":{"start":{"line":25,"column":0},"end":{"line":25,"column":-1}}},"1":{"name":"(anonymous_2)","decl":{"start":{"line":41,"column":2},"end":{"line":null,"column":-1}},"loc":{"start":{"line":41,"column":2},"end":{"line":48,"column":3}}},"2":{"name":"(anonymous_3)","decl":{"start":{"line":59,"column":2},"end":{"line":59,"column":24}},"loc":{"start":{"line":59,"column":76},"end":{"line":69,"column":3}}},"3":{"name":"(anonymous_4)","decl":{"start":{"line":80,"column":2},"end":{"line":80,"column":24}},"loc":{"start":{"line":80,"column":37},"end":{"line":85,"column":3}}},"4":{"name":"(anonymous_5)","decl":{"start":{"line":96,"column":2},"end":{"line":96,"column":27}},"loc":{"start":{"line":96,"column":43},"end":{"line":101,"column":3}}},"5":{"name":"(anonymous_6)","decl":{"start":{"line":112,"column":2},"end":{"line":112,"column":23}},"loc":{"start":{"line":112,"column":35},"end":{"line":126,"column":3}}},"6":{"name":"(anonymous_7)","decl":{"start":{"line":137,"column":2},"end":{"line":137,"column":20}},"loc":{"start":{"line":137,"column":33},"end":{"line":149,"column":3}}},"7":{"name":"(anonymous_8)","decl":{"start":{"line":160,"column":2},"end":{"line":160,"column":20}},"loc":{"start":{"line":160,"column":33},"end":{"line":182,"column":3}}},"8":{"name":"(anonymous_9)","decl":{"start":{"line":192,"column":2},"end":{"line":192,"column":19}},"loc":{"start":{"line":192,"column":48},"end":{"line":208,"column":3}}},"9":{"name":"(anonymous_10)","decl":{"start":{"line":220,"column":2},"end":{"line":220,"column":30}},"loc":{"start":{"line":221,"column":48},"end":{"line":232,"column":3}}},"10":{"name":"(anonymous_11)","decl":{"start":{"line":244,"column":2},"end":{"line":244,"column":28}},"loc":{"start":{"line":245,"column":48},"end":{"line":270,"column":3}}},"11":{"name":"(anonymous_12)","decl":{"start":{"line":282,"column":2},"end":{"line":282,"column":29}},"loc":{"start":{"line":283,"column":48},"end":{"line":301,"column":3}}},"12":{"name":"(anonymous_13)","decl":{"start":{"line":311,"column":2},"end":{"line":311,"column":18}},"loc":{"start":{"line":311,"column":47},"end":{"line":335,"column":3}}},"13":{"name":"(anonymous_14)","decl":{"start":{"line":346,"column":2},"end":{"line":346,"column":34}},"loc":{"start":{"line":346,"column":47},"end":{"line":380,"column":3}}},"14":{"name":"(anonymous_15)","decl":{"start":{"line":391,"column":2},"end":{"line":391,"column":25}},"loc":{"start":{"line":391,"column":37},"end":{"line":394,"column":3}}},"15":{"name":"(anonymous_16)","decl":{"start":{"line":405,"column":2},"end":{"line":405,"column":21}},"loc":{"start":{"line":405,"column":66},"end":{"line":422,"column":3}}},"16":{"name":"(anonymous_17)","decl":{"start":{"line":432,"column":2},"end":{"line":432,"column":16}},"loc":{"start":{"line":432,"column":45},"end":{"line":447,"column":3}}},"17":{"name":"(anonymous_18)","decl":{"start":{"line":458,"column":2},"end":{"line":458,"column":14}},"loc":{"start":{"line":459,"column":81},"end":{"line":467,"column":3}}},"18":{"name":"(anonymous_19)","decl":{"start":{"line":477,"column":2},"end":{"line":477,"column":16}},"loc":{"start":{"line":478,"column":48},"end":{"line":481,"column":3}}},"19":{"name":"(anonymous_20)","decl":{"start":{"line":494,"column":2},"end":{"line":494,"column":22}},"loc":{"start":{"line":494,"column":77},"end":{"line":522,"column":3}}},"20":{"name":"(anonymous_21)","decl":{"start":{"line":533,"column":2},"end":{"line":533,"column":14}},"loc":{"start":{"line":533,"column":61},"end":{"line":536,"column":3}}}},"branchMap":{"0":{"loc":{"start":{"line":60,"column":4},"end":{"line":62,"column":5}},"type":"if","locations":[{"start":{"line":60,"column":4},"end":{"line":62,"column":5}},{"start":{"line":60,"column":4},"end":{"line":62,"column":5}}]},"1":{"loc":{"start":{"line":63,"column":4},"end":{"line":68,"column":5}},"type":"if","locations":[{"start":{"line":63,"column":4},"end":{"line":68,"column":5}},{"start":{"line":63,"column":4},"end":{"line":68,"column":5}}]},"2":{"loc":{"start":{"line":64,"column":6},"end":{"line":64,"column":68}},"type":"if","locations":[{"start":{"line":64,"column":6},"end":{"line":64,"column":68}},{"start":{"line":64,"column":6},"end":{"line":64,"column":68}}]},"3":{"loc":{"start":{"line":116,"column":8},"end":{"line":116,"column":23}},"type":"cond-expr","locations":[{"start":{"line":116,"column":8},"end":{"line":116,"column":23}},{"start":{"line":116,"column":26},"end":{"line":116,"column":42}}]},"4":{"loc":{"start":{"line":115,"column":20},"end":{"line":115,"column":40}},"type":"binary-expr","locations":[{"start":{"line":115,"column":20},"end":{"line":115,"column":40}},{"start":{"line":115,"column":44},"end":{"line":115,"column":78}}]},"5":{"loc":{"start":{"line":139,"column":4},"end":{"line":147,"column":5}},"type":"if","locations":[{"start":{"line":139,"column":4},"end":{"line":147,"column":5}},{"start":{"line":139,"column":4},"end":{"line":147,"column":5}}]},"6":{"loc":{"start":{"line":141,"column":11},"end":{"line":147,"column":5}},"type":"if","locations":[{"start":{"line":141,"column":11},"end":{"line":147,"column":5}},{"start":{"line":141,"column":11},"end":{"line":147,"column":5}}]},"7":{"loc":{"start":{"line":143,"column":11},"end":{"line":147,"column":5}},"type":"if","locations":[{"start":{"line":143,"column":11},"end":{"line":147,"column":5}},{"start":{"line":143,"column":11},"end":{"line":147,"column":5}}]},"8":{"loc":{"start":{"line":145,"column":11},"end":{"line":147,"column":5}},"type":"if","locations":[{"start":{"line":145,"column":11},"end":{"line":147,"column":5}},{"start":{"line":145,"column":11},"end":{"line":147,"column":5}}]},"9":{"loc":{"start":{"line":163,"column":6},"end":{"line":178,"column":7}},"type":"if","locations":[{"start":{"line":163,"column":6},"end":{"line":178,"column":7}},{"start":{"line":163,"column":6},"end":{"line":178,"column":7}}]},"10":{"loc":{"start":{"line":168,"column":13},"end":{"line":178,"column":7}},"type":"if","locations":[{"start":{"line":168,"column":13},"end":{"line":178,"column":7}},{"start":{"line":168,"column":13},"end":{"line":178,"column":7}}]},"11":{"loc":{"start":{"line":173,"column":13},"end":{"line":178,"column":7}},"type":"if","locations":[{"start":{"line":173,"column":13},"end":{"line":178,"column":7}},{"start":{"line":173,"column":13},"end":{"line":178,"column":7}}]},"12":{"loc":{"start":{"line":195,"column":4},"end":{"line":207,"column":5}},"type":"if","locations":[{"start":{"line":195,"column":4},"end":{"line":207,"column":5}},{"start":{"line":195,"column":4},"end":{"line":207,"column":5}}]},"13":{"loc":{"start":{"line":197,"column":11},"end":{"line":207,"column":5}},"type":"if","locations":[{"start":{"line":197,"column":11},"end":{"line":207,"column":5}},{"start":{"line":197,"column":11},"end":{"line":207,"column":5}}]},"14":{"loc":{"start":{"line":199,"column":11},"end":{"line":207,"column":5}},"type":"if","locations":[{"start":{"line":199,"column":11},"end":{"line":207,"column":5}},{"start":{"line":199,"column":11},"end":{"line":207,"column":5}}]},"15":{"loc":{"start":{"line":203,"column":6},"end":{"line":206,"column":7}},"type":"if","locations":[{"start":{"line":203,"column":6},"end":{"line":206,"column":7}},{"start":{"line":203,"column":6},"end":{"line":206,"column":7}}]},"16":{"loc":{"start":{"line":222,"column":4},"end":{"line":227,"column":5}},"type":"if","locations":[{"start":{"line":222,"column":4},"end":{"line":227,"column":5}},{"start":{"line":222,"column":4},"end":{"line":227,"column":5}}]},"17":{"loc":{"start":{"line":246,"column":4},"end":{"line":251,"column":5}},"type":"if","locations":[{"start":{"line":246,"column":4},"end":{"line":251,"column":5}},{"start":{"line":246,"column":4},"end":{"line":251,"column":5}}]},"18":{"loc":{"start":{"line":256,"column":4},"end":{"line":259,"column":5}},"type":"if","locations":[{"start":{"line":256,"column":4},"end":{"line":259,"column":5}},{"start":{"line":256,"column":4},"end":{"line":259,"column":5}}]},"19":{"loc":{"start":{"line":258,"column":6},"end":{"line":258,"column":45}},"type":"if","locations":[{"start":{"line":258,"column":6},"end":{"line":258,"column":45}},{"start":{"line":258,"column":6},"end":{"line":258,"column":45}}]},"20":{"loc":{"start":{"line":260,"column":4},"end":{"line":264,"column":5}},"type":"if","locations":[{"start":{"line":260,"column":4},"end":{"line":264,"column":5}},{"start":{"line":260,"column":4},"end":{"line":264,"column":5}}]},"21":{"loc":{"start":{"line":263,"column":6},"end":{"line":263,"column":45}},"type":"if","locations":[{"start":{"line":263,"column":6},"end":{"line":263,"column":45}},{"start":{"line":263,"column":6},"end":{"line":263,"column":45}}]},"22":{"loc":{"start":{"line":284,"column":4},"end":{"line":289,"column":5}},"type":"if","locations":[{"start":{"line":284,"column":4},"end":{"line":289,"column":5}},{"start":{"line":284,"column":4},"end":{"line":289,"column":5}}]},"23":{"loc":{"start":{"line":291,"column":4},"end":{"line":294,"column":5}},"type":"if","locations":[{"start":{"line":291,"column":4},"end":{"line":294,"column":5}},{"start":{"line":291,"column":4},"end":{"line":294,"column":5}}]},"24":{"loc":{"start":{"line":293,"column":6},"end":{"line":293,"column":45}},"type":"if","locations":[{"start":{"line":293,"column":6},"end":{"line":293,"column":45}},{"start":{"line":293,"column":6},"end":{"line":293,"column":45}}]},"25":{"loc":{"start":{"line":320,"column":4},"end":{"line":334,"column":5}},"type":"if","locations":[{"start":{"line":320,"column":4},"end":{"line":334,"column":5}},{"start":{"line":320,"column":4},"end":{"line":334,"column":5}}]},"26":{"loc":{"start":{"line":323,"column":11},"end":{"line":334,"column":5}},"type":"if","locations":[{"start":{"line":323,"column":11},"end":{"line":334,"column":5}},{"start":{"line":323,"column":11},"end":{"line":334,"column":5}}]},"27":{"loc":{"start":{"line":327,"column":11},"end":{"line":334,"column":5}},"type":"if","locations":[{"start":{"line":327,"column":11},"end":{"line":334,"column":5}},{"start":{"line":327,"column":11},"end":{"line":334,"column":5}}]},"28":{"loc":{"start":{"line":348,"column":39},"end":{"line":348,"column":58}},"type":"cond-expr","locations":[{"start":{"line":348,"column":39},"end":{"line":348,"column":58}},{"start":{"line":348,"column":61},"end":{"line":348,"column":62}}]},"29":{"loc":{"start":{"line":350,"column":4},"end":{"line":352,"column":5}},"type":"if","locations":[{"start":{"line":350,"column":4},"end":{"line":352,"column":5}},{"start":{"line":350,"column":4},"end":{"line":352,"column":5}}]},"30":{"loc":{"start":{"line":356,"column":37},"end":{"line":356,"column":46}},"type":"cond-expr","locations":[{"start":{"line":356,"column":37},"end":{"line":356,"column":46}},{"start":{"line":356,"column":49},"end":{"line":356,"column":53}}]},"31":{"loc":{"start":{"line":357,"column":6},"end":{"line":376,"column":7}},"type":"if","locations":[{"start":{"line":357,"column":6},"end":{"line":376,"column":7}},{"start":{"line":357,"column":6},"end":{"line":376,"column":7}}]},"32":{"loc":{"start":{"line":357,"column":9},"end":{"line":357,"column":19}},"type":"binary-expr","locations":[{"start":{"line":357,"column":9},"end":{"line":357,"column":19}},{"start":{"line":357,"column":23},"end":{"line":357,"column":35}}]},"33":{"loc":{"start":{"line":359,"column":13},"end":{"line":376,"column":7}},"type":"if","locations":[{"start":{"line":359,"column":13},"end":{"line":376,"column":7}},{"start":{"line":359,"column":13},"end":{"line":376,"column":7}}]},"34":{"loc":{"start":{"line":360,"column":8},"end":{"line":365,"column":9}},"type":"if","locations":[{"start":{"line":360,"column":8},"end":{"line":365,"column":9}},{"start":{"line":360,"column":8},"end":{"line":365,"column":9}}]},"35":{"loc":{"start":{"line":360,"column":11},"end":{"line":360,"column":22}},"type":"binary-expr","locations":[{"start":{"line":360,"column":11},"end":{"line":360,"column":22}},{"start":{"line":360,"column":26},"end":{"line":360,"column":58}}]},"36":{"loc":{"start":{"line":362,"column":15},"end":{"line":365,"column":9}},"type":"if","locations":[{"start":{"line":362,"column":15},"end":{"line":365,"column":9}},{"start":{"line":362,"column":15},"end":{"line":365,"column":9}}]},"37":{"loc":{"start":{"line":366,"column":13},"end":{"line":376,"column":7}},"type":"if","locations":[{"start":{"line":366,"column":13},"end":{"line":376,"column":7}},{"start":{"line":366,"column":13},"end":{"line":376,"column":7}}]},"38":{"loc":{"start":{"line":367,"column":8},"end":{"line":372,"column":9}},"type":"if","locations":[{"start":{"line":367,"column":8},"end":{"line":372,"column":9}},{"start":{"line":367,"column":8},"end":{"line":372,"column":9}}]},"39":{"loc":{"start":{"line":367,"column":11},"end":{"line":367,"column":22}},"type":"binary-expr","locations":[{"start":{"line":367,"column":11},"end":{"line":367,"column":22}},{"start":{"line":367,"column":26},"end":{"line":367,"column":58}}]},"40":{"loc":{"start":{"line":369,"column":15},"end":{"line":372,"column":9}},"type":"if","locations":[{"start":{"line":369,"column":15},"end":{"line":372,"column":9}},{"start":{"line":369,"column":15},"end":{"line":372,"column":9}}]},"41":{"loc":{"start":{"line":373,"column":13},"end":{"line":376,"column":7}},"type":"if","locations":[{"start":{"line":373,"column":13},"end":{"line":376,"column":7}},{"start":{"line":373,"column":13},"end":{"line":376,"column":7}}]},"42":{"loc":{"start":{"line":408,"column":4},"end":{"line":412,"column":5}},"type":"if","locations":[{"start":{"line":408,"column":4},"end":{"line":412,"column":5}},{"start":{"line":408,"column":4},"end":{"line":412,"column":5}}]},"43":{"loc":{"start":{"line":411,"column":6},"end":{"line":411,"column":45}},"type":"if","locations":[{"start":{"line":411,"column":6},"end":{"line":411,"column":45}},{"start":{"line":411,"column":6},"end":{"line":411,"column":45}}]},"44":{"loc":{"start":{"line":434,"column":6},"end":{"line":436,"column":14}},"type":"switch","locations":[{"start":{"line":434,"column":6},"end":{"line":436,"column":14}},{"start":{"line":437,"column":6},"end":{"line":439,"column":14}},{"start":{"line":440,"column":6},"end":{"line":442,"column":14}},{"start":{"line":443,"column":6},"end":{"line":445,"column":14}}]},"45":{"loc":{"start":{"line":461,"column":31},"end":{"line":461,"column":38}},"type":"cond-expr","locations":[{"start":{"line":461,"column":31},"end":{"line":461,"column":38}},{"start":{"line":461,"column":41},"end":{"line":461,"column":45}}]},"46":{"loc":{"start":{"line":462,"column":35},"end":{"line":462,"column":44}},"type":"cond-expr","locations":[{"start":{"line":462,"column":35},"end":{"line":462,"column":44}},{"start":{"line":462,"column":47},"end":{"line":462,"column":51}}]},"47":{"loc":{"start":{"line":479,"column":47},"end":{"line":479,"column":62}},"type":"cond-expr","locations":[{"start":{"line":479,"column":47},"end":{"line":479,"column":62}},{"start":{"line":479,"column":65},"end":{"line":479,"column":69}}]},"48":{"loc":{"start":{"line":495,"column":4},"end":{"line":497,"column":5}},"type":"if","locations":[{"start":{"line":495,"column":4},"end":{"line":497,"column":5}},{"start":{"line":495,"column":4},"end":{"line":497,"column":5}}]},"49":{"loc":{"start":{"line":499,"column":4},"end":{"line":499,"column":60}},"type":"if","locations":[{"start":{"line":499,"column":4},"end":{"line":499,"column":60}},{"start":{"line":499,"column":4},"end":{"line":499,"column":60}}]},"50":{"loc":{"start":{"line":500,"column":4},"end":{"line":519,"column":5}},"type":"if","locations":[{"start":{"line":500,"column":4},"end":{"line":519,"column":5}},{"start":{"line":500,"column":4},"end":{"line":519,"column":5}}]},"51":{"loc":{"start":{"line":502,"column":11},"end":{"line":519,"column":5}},"type":"if","locations":[{"start":{"line":502,"column":11},"end":{"line":519,"column":5}},{"start":{"line":502,"column":11},"end":{"line":519,"column":5}}]},"52":{"loc":{"start":{"line":507,"column":41},"end":{"line":507,"column":55}},"type":"cond-expr","locations":[{"start":{"line":507,"column":41},"end":{"line":507,"column":55}},{"start":{"line":507,"column":58},"end":{"line":507,"column":66}}]},"53":{"loc":{"start":{"line":509,"column":6},"end":{"line":518,"column":7}},"type":"if","locations":[{"start":{"line":509,"column":6},"end":{"line":518,"column":7}},{"start":{"line":509,"column":6},"end":{"line":518,"column":7}}]},"54":{"loc":{"start":{"line":513,"column":8},"end":{"line":516,"column":9}},"type":"if","locations":[{"start":{"line":513,"column":8},"end":{"line":516,"column":9}},{"start":{"line":513,"column":8},"end":{"line":516,"column":9}}]},"55":{"loc":{"start":{"line":513,"column":11},"end":{"line":513,"column":24}},"type":"binary-expr","locations":[{"start":{"line":513,"column":11},"end":{"line":513,"column":24}},{"start":{"line":513,"column":28},"end":{"line":513,"column":52}}]}},"s":{"0":1,"1":1,"2":1,"3":1,"4":1,"5":2,"6":2,"7":2,"8":1,"9":21,"10":1,"11":94,"12":6,"13":94,"14":70,"15":0,"16":70,"17":24,"18":1,"19":39,"20":1,"21":1,"22":1,"23":54,"24":54,"25":54,"26":54,"27":54,"28":54,"29":1,"30":54,"31":54,"32":6,"33":48,"34":1,"35":47,"36":1,"37":46,"38":0,"39":46,"40":1,"41":121,"42":121,"43":286,"44":54,"45":232,"46":45,"47":187,"48":1,"49":186,"50":21,"51":1,"52":121,"53":121,"54":121,"55":54,"56":67,"57":45,"58":22,"59":1,"60":21,"61":1,"62":1,"63":1,"64":54,"65":17,"66":17,"67":17,"68":54,"69":54,"70":54,"71":1,"72":45,"73":19,"74":19,"75":19,"76":45,"77":45,"78":45,"79":45,"80":0,"81":0,"82":0,"83":45,"84":1,"85":1,"86":1,"87":45,"88":45,"89":45,"90":45,"91":45,"92":1,"93":1,"94":0,"95":0,"96":0,"97":1,"98":1,"99":0,"100":0,"101":0,"102":1,"103":1,"104":1,"105":1,"106":1,"107":1,"108":1,"109":54,"110":54,"111":54,"112":54,"113":54,"114":54,"115":54,"116":54,"117":6,"118":48,"119":1,"120":1,"121":1,"122":47,"123":1,"124":1,"125":1,"126":46,"127":46,"128":1,"129":54,"130":54,"131":54,"132":54,"133":32,"134":22,"135":22,"136":22,"137":225,"138":225,"139":22,"140":203,"141":16,"142":7,"143":9,"144":7,"145":7,"146":187,"147":8,"148":3,"149":5,"150":3,"151":3,"152":179,"153":0,"154":203,"155":0,"156":1,"157":54,"158":54,"159":1,"160":2,"161":2,"162":2,"163":0,"164":0,"165":0,"166":2,"167":2,"168":2,"169":2,"170":2,"171":2,"172":2,"173":2,"174":1,"175":177,"176":121,"177":121,"178":54,"179":54,"180":1,"181":1,"182":1,"183":1,"184":1,"185":21,"186":21,"187":21,"188":21,"189":21,"190":21,"191":1,"192":6,"193":6,"194":1,"195":47,"196":18,"197":29,"198":29,"199":6,"200":29,"201":12,"202":17,"203":0,"204":17,"205":17,"206":17,"207":17,"208":3,"209":14,"210":14,"211":12,"212":12,"213":14,"214":29,"215":29,"216":1,"217":1,"218":1,"219":1,"220":1},"f":{"0":3,"1":21,"2":94,"3":39,"4":1,"5":54,"6":54,"7":121,"8":121,"9":54,"10":45,"11":1,"12":54,"13":54,"14":54,"15":2,"16":177,"17":21,"18":6,"19":47,"20":1},"b":{"0":[6,88],"1":[70,24],"2":[0,70],"3":[14,40],"4":[54,14],"5":[6,48],"6":[1,47],"7":[1,46],"8":[0,46],"9":[54,232],"10":[45,187],"11":[1,186],"12":[54,67],"13":[45,22],"14":[1,21],"15":[1,20],"16":[17,37],"17":[19,26],"18":[0,45],"19":[0,0],"20":[1,44],"21":[1,0],"22":[0,1],"23":[0,1],"24":[0,0],"25":[6,48],"26":[1,47],"27":[1,46],"28":[46,8],"29":[32,22],"30":[225,0],"31":[22,203],"32":[225,23],"33":[16,187],"34":[7,9],"35":[16,9],"36":[7,2],"37":[8,179],"38":[3,5],"39":[8,5],"40":[3,2],"41":[0,179],"42":[0,2],"43":[0,0],"44":[121,54,1,1],"45":[1,20],"46":[1,20],"47":[1,5],"48":[18,29],"49":[6,23],"50":[12,17],"51":[0,17],"52":[2,15],"53":[3,14],"54":[12,2],"55":[14,14]}}
,"E:\\repos_github\\html-parser\\src\\index.ts": {"path":"E:\\repos_github\\html-parser\\src\\index.ts","statementMap":{"0":{"start":{"line":1,"column":0},"end":{"line":1,"column":54}},"1":{"start":{"line":1,"column":9},"end":{"line":1,"column":22}},"2":{"start":{"line":1,"column":24},"end":{"line":1,"column":33}},"3":{"start":{"line":3,"column":0},"end":{"line":3,"column":42}},"4":{"start":{"line":3,"column":9},"end":{"line":3,"column":19}}},"fnMap":{},"branchMap":{},"s":{"0":1,"1":1,"2":1,"3":1,"4":1},"f":{},"b":{}}
,"E:\\repos_github\\html-parser\\src\\utility.ts": {"path":"E:\\repos_github\\html-parser\\src\\utility.ts","statementMap":{"0":{"start":{"line":7,"column":0},"end":{"line":122,"column":0}},"1":{"start":{"line":16,"column":9},"end":{"line":31,"column":3}},"2":{"start":{"line":17,"column":14},"end":{"line":17,"column":22}},"3":{"start":{"line":18,"column":23},"end":{"line":18,"column":31}},"4":{"start":{"line":19,"column":18},"end":{"line":19,"column":22}},"5":{"start":{"line":20,"column":13},"end":{"line":20,"column":21}},"6":{"start":{"line":21,"column":13},"end":{"line":21,"column":21}},"7":{"start":{"line":23,"column":4},"end":{"line":23,"column":23}},"8":{"start":{"line":24,"column":4},"end":{"line":24,"column":36}},"9":{"start":{"line":25,"column":4},"end":{"line":25,"column":36}},"10":{"start":{"line":26,"column":4},"end":{"line":26,"column":45}},"11":{"start":{"line":27,"column":4},"end":{"line":27,"column":40}},"12":{"start":{"line":28,"column":4},"end":{"line":28,"column":35}},"13":{"start":{"line":29,"column":4},"end":{"line":29,"column":35}},"14":{"start":{"line":30,"column":4},"end":{"line":30,"column":16}},"15":{"start":{"line":41,"column":9},"end":{"line":49,"column":3}},"16":{"start":{"line":42,"column":14},"end":{"line":42,"column":22}},"17":{"start":{"line":43,"column":23},"end":{"line":43,"column":31}},"18":{"start":{"line":44,"column":18},"end":{"line":44,"column":22}},"19":{"start":{"line":45,"column":13},"end":{"line":45,"column":21}},"20":{"start":{"line":46,"column":13},"end":{"line":46,"column":21}},"21":{"start":{"line":47,"column":4},"end":{"line":48,"column":56}},"22":{"start":{"line":59,"column":9},"end":{"line":69,"column":3}},"23":{"start":{"line":60,"column":27},"end":{"line":60,"column":31}},"24":{"start":{"line":61,"column":4},"end":{"line":61,"column":42}},"25":{"start":{"line":61,"column":16},"end":{"line":61,"column":40}},"26":{"start":{"line":62,"column":4},"end":{"line":67,"column":5}},"27":{"start":{"line":63,"column":6},"end":{"line":66,"column":7}},"28":{"start":{"line":64,"column":8},"end":{"line":64,"column":33}},"29":{"start":{"line":65,"column":8},"end":{"line":65,"column":14}},"30":{"start":{"line":68,"column":4},"end":{"line":68,"column":28}},"31":{"start":{"line":79,"column":9},"end":{"line":81,"column":3}},"32":{"start":{"line":80,"column":4},"end":{"line":80,"column":64}},"33":{"start":{"line":92,"column":9},"end":{"line":95,"column":3}},"34":{"start":{"line":93,"column":4},"end":{"line":93,"column":40}},"35":{"start":{"line":93,"column":25},"end":{"line":93,"column":38}},"36":{"start":{"line":94,"column":4},"end":{"line":94,"column":49}},"37":{"start":{"line":106,"column":9},"end":{"line":109,"column":3}},"38":{"start":{"line":107,"column":4},"end":{"line":107,"column":40}},"39":{"start":{"line":107,"column":25},"end":{"line":107,"column":38}},"40":{"start":{"line":108,"column":4},"end":{"line":108,"column":42}},"41":{"start":{"line":119,"column":9},"end":{"line":121,"column":3}},"42":{"start":{"line":120,"column":4},"end":{"line":120,"column":40}},"43":{"start":{"line":122,"column":0},"end":{"line":122,"column":1}},"44":{"start":{"line":7,"column":13},"end":{"line":7,"column":20}},"45":{"start":{"line":125,"column":14},"end":{"line":125,"column":27}},"46":{"start":{"line":126,"column":9},"end":{"line":126,"column":16}}},"fnMap":{"0":{"name":"(anonymous_0)","decl":{"start":{"line":7,"column":0},"end":{"line":null,"column":-1}},"loc":{"start":{"line":7,"column":0},"end":{"line":7,"column":-1}}},"1":{"name":"(anonymous_2)","decl":{"start":{"line":16,"column":2},"end":{"line":16,"column":25}},"loc":{"start":{"line":16,"column":38},"end":{"line":31,"column":3}}},"2":{"name":"(anonymous_3)","decl":{"start":{"line":41,"column":2},"end":{"line":41,"column":21}},"loc":{"start":{"line":41,"column":32},"end":{"line":49,"column":3}}},"3":{"name":"(anonymous_4)","decl":{"start":{"line":59,"column":2},"end":{"line":59,"column":35}},"loc":{"start":{"line":59,"column":48},"end":{"line":69,"column":3}}},"4":{"name":"(anonymous_5)","decl":{"start":{"line":79,"column":2},"end":{"line":79,"column":17}},"loc":{"start":{"line":79,"column":28},"end":{"line":81,"column":3}}},"5":{"name":"(anonymous_6)","decl":{"start":{"line":92,"column":2},"end":{"line":92,"column":21}},"loc":{"start":{"line":92,"column":48},"end":{"line":95,"column":3}}},"6":{"name":"(anonymous_7)","decl":{"start":{"line":106,"column":2},"end":{"line":106,"column":19}},"loc":{"start":{"line":106,"column":46},"end":{"line":109,"column":3}}},"7":{"name":"(anonymous_8)","decl":{"start":{"line":119,"column":2},"end":{"line":119,"column":25}},"loc":{"start":{"line":119,"column":38},"end":{"line":121,"column":3}}}},"branchMap":{"0":{"loc":{"start":{"line":47,"column":12},"end":{"line":47,"column":22}},"type":"binary-expr","locations":[{"start":{"line":47,"column":12},"end":{"line":47,"column":22}},{"start":{"line":47,"column":28},"end":{"line":47,"column":38}},{"start":{"line":47,"column":44},"end":{"line":47,"column":63}},{"start":{"line":48,"column":10},"end":{"line":48,"column":24}},{"start":{"line":48,"column":30},"end":{"line":48,"column":39}},{"start":{"line":48,"column":45},"end":{"line":48,"column":54}}]},"1":{"loc":{"start":{"line":61,"column":4},"end":{"line":61,"column":42}},"type":"if","locations":[{"start":{"line":61,"column":4},"end":{"line":61,"column":42}},{"start":{"line":61,"column":4},"end":{"line":61,"column":42}}]},"2":{"loc":{"start":{"line":63,"column":6},"end":{"line":66,"column":7}},"type":"if","locations":[{"start":{"line":63,"column":6},"end":{"line":66,"column":7}},{"start":{"line":63,"column":6},"end":{"line":66,"column":7}}]},"3":{"loc":{"start":{"line":80,"column":12},"end":{"line":80,"column":21}},"type":"binary-expr","locations":[{"start":{"line":80,"column":12},"end":{"line":80,"column":21}},{"start":{"line":80,"column":25},"end":{"line":80,"column":34}},{"start":{"line":80,"column":40},"end":{"line":80,"column":49}},{"start":{"line":80,"column":53},"end":{"line":80,"column":62}}]},"4":{"loc":{"start":{"line":93,"column":4},"end":{"line":93,"column":40}},"type":"if","locations":[{"start":{"line":93,"column":4},"end":{"line":93,"column":40}},{"start":{"line":93,"column":4},"end":{"line":93,"column":40}}]},"5":{"loc":{"start":{"line":93,"column":7},"end":{"line":93,"column":10}},"type":"binary-expr","locations":[{"start":{"line":93,"column":7},"end":{"line":93,"column":10}},{"start":{"line":93,"column":14},"end":{"line":93,"column":21}}]},"6":{"loc":{"start":{"line":94,"column":12},"end":{"line":94,"column":22}},"type":"binary-expr","locations":[{"start":{"line":94,"column":12},"end":{"line":94,"column":22}},{"start":{"line":94,"column":26},"end":{"line":94,"column":47}}]},"7":{"loc":{"start":{"line":107,"column":4},"end":{"line":107,"column":40}},"type":"if","locations":[{"start":{"line":107,"column":4},"end":{"line":107,"column":40}},{"start":{"line":107,"column":4},"end":{"line":107,"column":40}}]},"8":{"loc":{"start":{"line":107,"column":7},"end":{"line":107,"column":10}},"type":"binary-expr","locations":[{"start":{"line":107,"column":7},"end":{"line":107,"column":10}},{"start":{"line":107,"column":14},"end":{"line":107,"column":21}}]},"9":{"loc":{"start":{"line":108,"column":12},"end":{"line":108,"column":22}},"type":"binary-expr","locations":[{"start":{"line":108,"column":12},"end":{"line":108,"column":22}},{"start":{"line":108,"column":26},"end":{"line":108,"column":40}}]}},"s":{"0":1,"1":1,"2":57,"3":57,"4":57,"5":57,"6":57,"7":57,"8":57,"9":57,"10":57,"11":57,"12":57,"13":57,"14":57,"15":1,"16":477,"17":477,"18":477,"19":477,"20":477,"21":477,"22":1,"23":12,"24":12,"25":0,"26":12,"27":14,"28":3,"29":3,"30":12,"31":1,"32":101,"33":1,"34":286,"35":1,"36":285,"37":1,"38":232,"39":1,"40":231,"41":1,"42":187,"43":1,"44":1,"45":1,"46":1},"f":{"0":2,"1":57,"2":477,"3":12,"4":101,"5":286,"6":232,"7":187},"b":{"0":[477,477,425,425,417,417],"1":[0,12],"2":[3,11],"3":[101,53,48,1],"4":[1,285],"5":[286,286],"6":[285,101],"7":[1,231],"8":[232,232],"9":[231,47]}}
}
