{"E:\\repos\\html-parser\\src\\attribute-parser.ts": {"path":"E:\\repos\\html-parser\\src\\attribute-parser.ts","statementMap":{"0":{"start":{"line":3,"column":21},"end":{"line":6,"column":1}},"1":{"start":{"line":14,"column":0},"end":{"line":204,"column":0}},"2":{"start":{"line":17,"column":10},"end":{"line":23,"column":4}},"3":{"start":{"line":34,"column":10},"end":{"line":42,"column":3}},"4":{"start":{"line":35,"column":14},"end":{"line":35,"column":22}},"5":{"start":{"line":36,"column":23},"end":{"line":36,"column":31}},"6":{"start":{"line":37,"column":18},"end":{"line":37,"column":22}},"7":{"start":{"line":38,"column":13},"end":{"line":38,"column":21}},"8":{"start":{"line":39,"column":13},"end":{"line":39,"column":21}},"9":{"start":{"line":40,"column":4},"end":{"line":41,"column":56}},"10":{"start":{"line":51,"column":10},"end":{"line":59,"column":3}},"11":{"start":{"line":52,"column":4},"end":{"line":58,"column":6}},"12":{"start":{"line":69,"column":10},"end":{"line":76,"column":3}},"13":{"start":{"line":70,"column":13},"end":{"line":70,"column":17}},"14":{"start":{"line":71,"column":4},"end":{"line":74,"column":5}},"15":{"start":{"line":72,"column":6},"end":{"line":72,"column":57}},"16":{"start":{"line":73,"column":6},"end":{"line":73,"column":30}},"17":{"start":{"line":75,"column":4},"end":{"line":75,"column":14}},"18":{"start":{"line":87,"column":10},"end":{"line":106,"column":3}},"19":{"start":{"line":88,"column":15},"end":{"line":88,"column":17}},"20":{"start":{"line":89,"column":4},"end":{"line":89,"column":27}},"21":{"start":{"line":90,"column":4},"end":{"line":104,"column":5}},"22":{"start":{"line":91,"column":15},"end":{"line":91,"column":33}},"23":{"start":{"line":92,"column":6},"end":{"line":98,"column":7}},"24":{"start":{"line":93,"column":8},"end":{"line":96,"column":9}},"25":{"start":{"line":94,"column":10},"end":{"line":95,"column":42}},"26":{"start":{"line":97,"column":8},"end":{"line":97,"column":14}},"27":{"start":{"line":99,"column":6},"end":{"line":103,"column":7}},"28":{"start":{"line":100,"column":8},"end":{"line":100,"column":45}},"29":{"start":{"line":101,"column":13},"end":{"line":103,"column":7}},"30":{"start":{"line":102,"column":8},"end":{"line":102,"column":46}},"31":{"start":{"line":105,"column":4},"end":{"line":105,"column":16}},"32":{"start":{"line":117,"column":10},"end":{"line":133,"column":3}},"33":{"start":{"line":118,"column":4},"end":{"line":132,"column":5}},"34":{"start":{"line":120,"column":6},"end":{"line":120,"column":56}},"35":{"start":{"line":121,"column":11},"end":{"line":132,"column":5}},"36":{"start":{"line":124,"column":11},"end":{"line":132,"column":5}},"37":{"start":{"line":126,"column":6},"end":{"line":129,"column":7}},"38":{"start":{"line":127,"column":8},"end":{"line":127,"column":41}},"39":{"start":{"line":128,"column":8},"end":{"line":128,"column":33}},"40":{"start":{"line":131,"column":6},"end":{"line":131,"column":53}},"41":{"start":{"line":144,"column":10},"end":{"line":161,"column":3}},"42":{"start":{"line":145,"column":4},"end":{"line":160,"column":5}},"43":{"start":{"line":146,"column":20},"end":{"line":146,"column":43}},"44":{"start":{"line":147,"column":19},"end":{"line":147,"column":72}},"45":{"start":{"line":148,"column":6},"end":{"line":157,"column":7}},"46":{"start":{"line":151,"column":8},"end":{"line":151,"column":57}},"47":{"start":{"line":153,"column":8},"end":{"line":153,"column":57}},"48":{"start":{"line":154,"column":8},"end":{"line":154,"column":57}},"49":{"start":{"line":155,"column":8},"end":{"line":155,"column":33}},"50":{"start":{"line":156,"column":8},"end":{"line":156,"column":34}},"51":{"start":{"line":159,"column":6},"end":{"line":159,"column":55}},"52":{"start":{"line":171,"column":9},"end":{"line":183,"column":3}},"53":{"start":{"line":172,"column":4},"end":{"line":172,"column":17}},"54":{"start":{"line":173,"column":15},"end":{"line":173,"column":17}},"55":{"start":{"line":174,"column":26},"end":{"line":174,"column":42}},"56":{"start":{"line":175,"column":27},"end":{"line":175,"column":43}},"57":{"start":{"line":176,"column":4},"end":{"line":181,"column":5}},"58":{"start":{"line":178,"column":17},"end":{"line":178,"column":65}},"59":{"start":{"line":179,"column":6},"end":{"line":179,"column":25}},"60":{"start":{"line":180,"column":6},"end":{"line":180,"column":31}},"61":{"start":{"line":182,"column":4},"end":{"line":182,"column":16}},"62":{"start":{"line":193,"column":9},"end":{"line":203,"column":3}},"63":{"start":{"line":194,"column":19},"end":{"line":194,"column":21}},"64":{"start":{"line":195,"column":4},"end":{"line":201,"column":5}},"65":{"start":{"line":196,"column":6},"end":{"line":200,"column":7}},"66":{"start":{"line":197,"column":8},"end":{"line":197,"column":30}},"67":{"start":{"line":199,"column":8},"end":{"line":199,"column":54}},"68":{"start":{"line":202,"column":4},"end":{"line":202,"column":27}},"69":{"start":{"line":204,"column":0},"end":{"line":204,"column":1}},"70":{"start":{"line":14,"column":13},"end":{"line":14,"column":28}}},"fnMap":{"0":{"name":"(anonymous_0)","decl":{"start":{"line":14,"column":0},"end":{"line":null,"column":-1}},"loc":{"start":{"line":14,"column":0},"end":{"line":14,"column":-1}}},"1":{"name":"(anonymous_2)","decl":{"start":{"line":34,"column":2},"end":{"line":34,"column":22}},"loc":{"start":{"line":34,"column":33},"end":{"line":42,"column":3}}},"2":{"name":"(anonymous_3)","decl":{"start":{"line":51,"column":2},"end":{"line":null,"column":-1}},"loc":{"start":{"line":51,"column":2},"end":{"line":59,"column":3}}},"3":{"name":"(anonymous_4)","decl":{"start":{"line":69,"column":2},"end":{"line":null,"column":-1}},"loc":{"start":{"line":69,"column":2},"end":{"line":76,"column":3}}},"4":{"name":"(anonymous_5)","decl":{"start":{"line":87,"column":2},"end":{"line":87,"column":16}},"loc":{"start":{"line":87,"column":29},"end":{"line":106,"column":3}}},"5":{"name":"(anonymous_6)","decl":{"start":{"line":117,"column":2},"end":{"line":117,"column":31}},"loc":{"start":{"line":117,"column":48},"end":{"line":133,"column":3}}},"6":{"name":"(anonymous_7)","decl":{"start":{"line":144,"column":2},"end":{"line":144,"column":32}},"loc":{"start":{"line":144,"column":49},"end":{"line":161,"column":3}}},"7":{"name":"(anonymous_8)","decl":{"start":{"line":171,"column":2},"end":{"line":171,"column":14}},"loc":{"start":{"line":171,"column":26},"end":{"line":183,"column":3}}},"8":{"name":"(anonymous_9)","decl":{"start":{"line":193,"column":2},"end":{"line":193,"column":16}},"loc":{"start":{"line":193,"column":50},"end":{"line":203,"column":3}}}},"branchMap":{"0":{"loc":{"start":{"line":40,"column":12},"end":{"line":40,"column":22}},"type":"binary-expr","locations":[{"start":{"line":40,"column":12},"end":{"line":40,"column":22}},{"start":{"line":40,"column":28},"end":{"line":40,"column":38}},{"start":{"line":40,"column":44},"end":{"line":40,"column":63}},{"start":{"line":41,"column":10},"end":{"line":41,"column":24}},{"start":{"line":41,"column":30},"end":{"line":41,"column":39}},{"start":{"line":41,"column":45},"end":{"line":41,"column":54}}]},"1":{"loc":{"start":{"line":71,"column":4},"end":{"line":74,"column":5}},"type":"if","locations":[{"start":{"line":71,"column":4},"end":{"line":74,"column":5}},{"start":{"line":71,"column":4},"end":{"line":74,"column":5}}]},"2":{"loc":{"start":{"line":92,"column":6},"end":{"line":98,"column":7}},"type":"if","locations":[{"start":{"line":92,"column":6},"end":{"line":98,"column":7}},{"start":{"line":92,"column":6},"end":{"line":98,"column":7}}]},"3":{"loc":{"start":{"line":93,"column":8},"end":{"line":96,"column":9}},"type":"if","locations":[{"start":{"line":93,"column":8},"end":{"line":96,"column":9}},{"start":{"line":93,"column":8},"end":{"line":96,"column":9}}]},"4":{"loc":{"start":{"line":95,"column":14},"end":{"line":95,"column":34}},"type":"cond-expr","locations":[{"start":{"line":95,"column":14},"end":{"line":95,"column":34}},{"start":{"line":95,"column":37},"end":{"line":95,"column":41}}]},"5":{"loc":{"start":{"line":99,"column":6},"end":{"line":103,"column":7}},"type":"if","locations":[{"start":{"line":99,"column":6},"end":{"line":103,"column":7}},{"start":{"line":99,"column":6},"end":{"line":103,"column":7}}]},"6":{"loc":{"start":{"line":101,"column":13},"end":{"line":103,"column":7}},"type":"if","locations":[{"start":{"line":101,"column":13},"end":{"line":103,"column":7}},{"start":{"line":101,"column":13},"end":{"line":103,"column":7}}]},"7":{"loc":{"start":{"line":118,"column":4},"end":{"line":132,"column":5}},"type":"if","locations":[{"start":{"line":118,"column":4},"end":{"line":132,"column":5}},{"start":{"line":118,"column":4},"end":{"line":132,"column":5}}]},"8":{"loc":{"start":{"line":121,"column":11},"end":{"line":132,"column":5}},"type":"if","locations":[{"start":{"line":121,"column":11},"end":{"line":132,"column":5}},{"start":{"line":121,"column":11},"end":{"line":132,"column":5}}]},"9":{"loc":{"start":{"line":124,"column":11},"end":{"line":132,"column":5}},"type":"if","locations":[{"start":{"line":124,"column":11},"end":{"line":132,"column":5}},{"start":{"line":124,"column":11},"end":{"line":132,"column":5}}]},"10":{"loc":{"start":{"line":126,"column":6},"end":{"line":129,"column":7}},"type":"if","locations":[{"start":{"line":126,"column":6},"end":{"line":129,"column":7}},{"start":{"line":126,"column":6},"end":{"line":129,"column":7}}]},"11":{"loc":{"start":{"line":145,"column":4},"end":{"line":160,"column":5}},"type":"if","locations":[{"start":{"line":145,"column":4},"end":{"line":160,"column":5}},{"start":{"line":145,"column":4},"end":{"line":160,"column":5}}]},"12":{"loc":{"start":{"line":148,"column":6},"end":{"line":157,"column":7}},"type":"if","locations":[{"start":{"line":148,"column":6},"end":{"line":157,"column":7}},{"start":{"line":148,"column":6},"end":{"line":157,"column":7}}]},"13":{"loc":{"start":{"line":148,"column":10},"end":{"line":148,"column":25}},"type":"binary-expr","locations":[{"start":{"line":148,"column":10},"end":{"line":148,"column":25}},{"start":{"line":148,"column":29},"end":{"line":148,"column":44}},{"start":{"line":148,"column":49},"end":{"line":148,"column":67}}]},"14":{"loc":{"start":{"line":176,"column":4},"end":{"line":181,"column":5}},"type":"if","locations":[{"start":{"line":176,"column":4},"end":{"line":181,"column":5}},{"start":{"line":176,"column":4},"end":{"line":181,"column":5}}]},"15":{"loc":{"start":{"line":176,"column":7},"end":{"line":176,"column":27}},"type":"binary-expr","locations":[{"start":{"line":176,"column":7},"end":{"line":176,"column":27}},{"start":{"line":176,"column":31},"end":{"line":176,"column":65}}]},"16":{"loc":{"start":{"line":196,"column":6},"end":{"line":200,"column":7}},"type":"if","locations":[{"start":{"line":196,"column":6},"end":{"line":200,"column":7}},{"start":{"line":196,"column":6},"end":{"line":200,"column":7}}]}},"s":{"0":1,"1":1,"2":32,"3":1,"4":367,"5":367,"6":367,"7":367,"8":367,"9":367,"10":1,"11":36,"12":1,"13":416,"14":416,"15":398,"16":398,"17":416,"18":1,"19":18,"20":18,"21":18,"22":416,"23":416,"24":18,"25":12,"26":18,"27":398,"28":230,"29":168,"30":168,"31":18,"32":1,"33":230,"34":25,"35":205,"36":199,"37":22,"38":5,"39":5,"40":177,"41":1,"42":168,"43":19,"44":19,"45":19,"46":6,"47":13,"48":13,"49":13,"50":13,"51":149,"52":1,"53":36,"54":36,"55":36,"56":36,"57":36,"58":18,"59":18,"60":18,"61":36,"62":1,"63":5,"64":5,"65":4,"66":1,"67":3,"68":5,"69":1,"70":1},"f":{"0":33,"1":367,"2":36,"3":416,"4":18,"5":230,"6":168,"7":36,"8":5},"b":{"0":[367,367,328,328,326,326],"1":[398,18],"2":[18,398],"3":[12,6],"4":[12,0],"5":[230,168],"6":[168,0],"7":[25,205],"8":[6,199],"9":[22,177],"10":[5,17],"11":[19,149],"12":[6,13],"13":[19,10,17],"14":[18,18],"15":[36,18],"16":[1,3]}}
,"E:\\repos\\html-parser\\src\\constants.ts": {"path":"E:\\repos\\html-parser\\src\\constants.ts","statementMap":{"0":{"start":{"line":1,"column":13},"end":{"line":5,"column":2}},"1":{"start":{"line":7,"column":13},"end":{"line":22,"column":2}},"2":{"start":{"line":24,"column":13},"end":{"line":29,"column":2}},"3":{"start":{"line":31,"column":13},"end":{"line":37,"column":2}}},"fnMap":{},"branchMap":{},"s":{"0":1,"1":1,"2":1,"3":1},"f":{},"b":{}}
,"E:\\repos\\html-parser\\src\\html-parser.ts": {"path":"E:\\repos\\html-parser\\src\\html-parser.ts","statementMap":{"0":{"start":{"line":1,"column":0},"end":{"line":1,"column":35}},"1":{"start":{"line":2,"column":0},"end":{"line":7,"column":20}},"2":{"start":{"line":9,"column":0},"end":{"line":9,"column":52}},"3":{"start":{"line":18,"column":0},"end":{"line":459,"column":0}},"4":{"start":{"line":22,"column":10},"end":{"line":22,"column":47}},"5":{"start":{"line":31,"column":10},"end":{"line":38,"column":3}},"6":{"start":{"line":32,"column":4},"end":{"line":37,"column":6}},"7":{"start":{"line":49,"column":10},"end":{"line":56,"column":3}},"8":{"start":{"line":50,"column":4},"end":{"line":55,"column":5}},"9":{"start":{"line":51,"column":6},"end":{"line":51,"column":68}},"10":{"start":{"line":51,"column":37},"end":{"line":51,"column":66}},"11":{"start":{"line":52,"column":6},"end":{"line":52,"column":44}},"12":{"start":{"line":54,"column":6},"end":{"line":54,"column":38}},"13":{"start":{"line":67,"column":10},"end":{"line":72,"column":3}},"14":{"start":{"line":68,"column":4},"end":{"line":71,"column":6}},"15":{"start":{"line":83,"column":10},"end":{"line":88,"column":3}},"16":{"start":{"line":84,"column":4},"end":{"line":87,"column":6}},"17":{"start":{"line":99,"column":10},"end":{"line":113,"column":3}},"18":{"start":{"line":100,"column":26},"end":{"line":100,"column":42}},"19":{"start":{"line":101,"column":27},"end":{"line":101,"column":43}},"20":{"start":{"line":102,"column":19},"end":{"line":103,"column":42}},"21":{"start":{"line":104,"column":15},"end":{"line":104,"column":41}},"22":{"start":{"line":105,"column":4},"end":{"line":105,"column":42}},"23":{"start":{"line":106,"column":4},"end":{"line":112,"column":6}},"24":{"start":{"line":124,"column":10},"end":{"line":136,"column":3}},"25":{"start":{"line":125,"column":4},"end":{"line":125,"column":30}},"26":{"start":{"line":126,"column":4},"end":{"line":134,"column":5}},"27":{"start":{"line":127,"column":6},"end":{"line":127,"column":29}},"28":{"start":{"line":128,"column":11},"end":{"line":134,"column":5}},"29":{"start":{"line":129,"column":6},"end":{"line":129,"column":29}},"30":{"start":{"line":130,"column":11},"end":{"line":134,"column":5}},"31":{"start":{"line":131,"column":6},"end":{"line":131,"column":30}},"32":{"start":{"line":132,"column":11},"end":{"line":134,"column":5}},"33":{"start":{"line":133,"column":6},"end":{"line":133,"column":31}},"34":{"start":{"line":135,"column":4},"end":{"line":135,"column":29}},"35":{"start":{"line":147,"column":10},"end":{"line":169,"column":3}},"36":{"start":{"line":148,"column":14},"end":{"line":148,"column":15}},"37":{"start":{"line":149,"column":4},"end":{"line":167,"column":5}},"38":{"start":{"line":150,"column":6},"end":{"line":165,"column":7}},"39":{"start":{"line":151,"column":8},"end":{"line":154,"column":10}},"40":{"start":{"line":155,"column":13},"end":{"line":165,"column":7}},"41":{"start":{"line":156,"column":8},"end":{"line":159,"column":9}},"42":{"start":{"line":160,"column":13},"end":{"line":165,"column":7}},"43":{"start":{"line":161,"column":8},"end":{"line":164,"column":9}},"44":{"start":{"line":166,"column":6},"end":{"line":166,"column":12}},"45":{"start":{"line":168,"column":4},"end":{"line":168,"column":30}},"46":{"start":{"line":179,"column":10},"end":{"line":195,"column":3}},"47":{"start":{"line":180,"column":19},"end":{"line":180,"column":67}},"48":{"start":{"line":181,"column":20},"end":{"line":181,"column":45}},"49":{"start":{"line":182,"column":4},"end":{"line":194,"column":5}},"50":{"start":{"line":183,"column":6},"end":{"line":183,"column":69}},"51":{"start":{"line":184,"column":11},"end":{"line":194,"column":5}},"52":{"start":{"line":185,"column":6},"end":{"line":185,"column":67}},"53":{"start":{"line":186,"column":11},"end":{"line":194,"column":5}},"54":{"start":{"line":187,"column":6},"end":{"line":187,"column":68}},"55":{"start":{"line":190,"column":6},"end":{"line":193,"column":7}},"56":{"start":{"line":191,"column":23},"end":{"line":191,"column":52}},"57":{"start":{"line":192,"column":8},"end":{"line":192,"column":54}},"58":{"start":{"line":207,"column":10},"end":{"line":219,"column":3}},"59":{"start":{"line":209,"column":4},"end":{"line":214,"column":5}},"60":{"start":{"line":211,"column":17},"end":{"line":211,"column":53}},"61":{"start":{"line":212,"column":21},"end":{"line":212,"column":46}},"62":{"start":{"line":213,"column":6},"end":{"line":213,"column":52}},"63":{"start":{"line":216,"column":4},"end":{"line":216,"column":37}},"64":{"start":{"line":217,"column":4},"end":{"line":217,"column":66}},"65":{"start":{"line":218,"column":4},"end":{"line":218,"column":32}},"66":{"start":{"line":231,"column":10},"end":{"line":257,"column":3}},"67":{"start":{"line":233,"column":4},"end":{"line":238,"column":5}},"68":{"start":{"line":235,"column":17},"end":{"line":235,"column":53}},"69":{"start":{"line":236,"column":21},"end":{"line":236,"column":46}},"70":{"start":{"line":237,"column":6},"end":{"line":237,"column":52}},"71":{"start":{"line":240,"column":20},"end":{"line":240,"column":60}},"72":{"start":{"line":241,"column":18},"end":{"line":241,"column":62}},"73":{"start":{"line":242,"column":18},"end":{"line":242,"column":60}},"74":{"start":{"line":243,"column":4},"end":{"line":246,"column":5}},"75":{"start":{"line":244,"column":16},"end":{"line":244,"column":65}},"76":{"start":{"line":245,"column":6},"end":{"line":245,"column":45}},"77":{"start":{"line":245,"column":25},"end":{"line":245,"column":43}},"78":{"start":{"line":247,"column":4},"end":{"line":251,"column":5}},"79":{"start":{"line":248,"column":16},"end":{"line":249,"column":41}},"80":{"start":{"line":250,"column":6},"end":{"line":250,"column":45}},"81":{"start":{"line":250,"column":25},"end":{"line":250,"column":43}},"82":{"start":{"line":252,"column":4},"end":{"line":252,"column":38}},"83":{"start":{"line":253,"column":4},"end":{"line":253,"column":62}},"84":{"start":{"line":254,"column":24},"end":{"line":254,"column":52}},"85":{"start":{"line":255,"column":4},"end":{"line":255,"column":40}},"86":{"start":{"line":256,"column":4},"end":{"line":256,"column":31}},"87":{"start":{"line":269,"column":10},"end":{"line":288,"column":3}},"88":{"start":{"line":271,"column":4},"end":{"line":276,"column":5}},"89":{"start":{"line":273,"column":17},"end":{"line":273,"column":53}},"90":{"start":{"line":274,"column":21},"end":{"line":274,"column":46}},"91":{"start":{"line":275,"column":6},"end":{"line":275,"column":52}},"92":{"start":{"line":277,"column":27},"end":{"line":277,"column":50}},"93":{"start":{"line":278,"column":4},"end":{"line":281,"column":5}},"94":{"start":{"line":279,"column":16},"end":{"line":279,"column":61}},"95":{"start":{"line":280,"column":6},"end":{"line":280,"column":45}},"96":{"start":{"line":280,"column":25},"end":{"line":280,"column":43}},"97":{"start":{"line":282,"column":22},"end":{"line":282,"column":77}},"98":{"start":{"line":283,"column":22},"end":{"line":283,"column":57}},"99":{"start":{"line":284,"column":4},"end":{"line":284,"column":53}},"100":{"start":{"line":285,"column":4},"end":{"line":285,"column":38}},"101":{"start":{"line":286,"column":4},"end":{"line":286,"column":75}},"102":{"start":{"line":287,"column":4},"end":{"line":287,"column":32}},"103":{"start":{"line":298,"column":10},"end":{"line":322,"column":3}},"104":{"start":{"line":299,"column":19},"end":{"line":299,"column":67}},"105":{"start":{"line":300,"column":20},"end":{"line":300,"column":45}},"106":{"start":{"line":301,"column":18},"end":{"line":301,"column":50}},"107":{"start":{"line":302,"column":18},"end":{"line":302,"column":45}},"108":{"start":{"line":304,"column":4},"end":{"line":304,"column":62}},"109":{"start":{"line":305,"column":4},"end":{"line":305,"column":49}},"110":{"start":{"line":306,"column":4},"end":{"line":306,"column":38}},"111":{"start":{"line":307,"column":4},"end":{"line":321,"column":5}},"112":{"start":{"line":309,"column":6},"end":{"line":309,"column":34}},"113":{"start":{"line":310,"column":11},"end":{"line":321,"column":5}},"114":{"start":{"line":311,"column":6},"end":{"line":311,"column":41}},"115":{"start":{"line":312,"column":6},"end":{"line":312,"column":45}},"116":{"start":{"line":313,"column":6},"end":{"line":313,"column":27}},"117":{"start":{"line":314,"column":11},"end":{"line":321,"column":5}},"118":{"start":{"line":315,"column":6},"end":{"line":315,"column":42}},"119":{"start":{"line":316,"column":6},"end":{"line":316,"column":45}},"120":{"start":{"line":317,"column":6},"end":{"line":317,"column":27}},"121":{"start":{"line":319,"column":6},"end":{"line":319,"column":45}},"122":{"start":{"line":320,"column":6},"end":{"line":320,"column":27}},"123":{"start":{"line":333,"column":10},"end":{"line":336,"column":3}},"124":{"start":{"line":334,"column":21},"end":{"line":334,"column":42}},"125":{"start":{"line":335,"column":4},"end":{"line":335,"column":33}},"126":{"start":{"line":347,"column":10},"end":{"line":364,"column":3}},"127":{"start":{"line":348,"column":19},"end":{"line":348,"column":67}},"128":{"start":{"line":349,"column":22},"end":{"line":349,"column":46}},"129":{"start":{"line":350,"column":4},"end":{"line":354,"column":5}},"130":{"start":{"line":351,"column":16},"end":{"line":352,"column":19}},"131":{"start":{"line":353,"column":6},"end":{"line":353,"column":45}},"132":{"start":{"line":353,"column":25},"end":{"line":353,"column":43}},"133":{"start":{"line":355,"column":24},"end":{"line":355,"column":58}},"134":{"start":{"line":356,"column":19},"end":{"line":356,"column":53}},"135":{"start":{"line":357,"column":4},"end":{"line":357,"column":50}},"136":{"start":{"line":358,"column":4},"end":{"line":359,"column":38}},"137":{"start":{"line":360,"column":4},"end":{"line":360,"column":38}},"138":{"start":{"line":361,"column":24},"end":{"line":361,"column":52}},"139":{"start":{"line":362,"column":4},"end":{"line":362,"column":40}},"140":{"start":{"line":363,"column":4},"end":{"line":363,"column":31}},"141":{"start":{"line":374,"column":10},"end":{"line":389,"column":3}},"142":{"start":{"line":375,"column":4},"end":{"line":388,"column":5}},"143":{"start":{"line":377,"column":8},"end":{"line":377,"column":39}},"144":{"start":{"line":378,"column":8},"end":{"line":378,"column":14}},"145":{"start":{"line":380,"column":8},"end":{"line":380,"column":38}},"146":{"start":{"line":381,"column":8},"end":{"line":381,"column":14}},"147":{"start":{"line":383,"column":8},"end":{"line":383,"column":53}},"148":{"start":{"line":384,"column":8},"end":{"line":384,"column":14}},"149":{"start":{"line":386,"column":8},"end":{"line":386,"column":54}},"150":{"start":{"line":387,"column":8},"end":{"line":387,"column":14}},"151":{"start":{"line":400,"column":9},"end":{"line":406,"column":3}},"152":{"start":{"line":401,"column":4},"end":{"line":401,"column":33}},"153":{"start":{"line":401,"column":13},"end":{"line":401,"column":31}},"154":{"start":{"line":402,"column":4},"end":{"line":402,"column":17}},"155":{"start":{"line":403,"column":4},"end":{"line":403,"column":27}},"156":{"start":{"line":404,"column":4},"end":{"line":404,"column":22}},"157":{"start":{"line":405,"column":4},"end":{"line":405,"column":29}},"158":{"start":{"line":416,"column":9},"end":{"line":418,"column":3}},"159":{"start":{"line":417,"column":4},"end":{"line":417,"column":47}},"160":{"start":{"line":431,"column":10},"end":{"line":458,"column":3}},"161":{"start":{"line":432,"column":4},"end":{"line":434,"column":5}},"162":{"start":{"line":433,"column":6},"end":{"line":433,"column":18}},"163":{"start":{"line":435,"column":15},"end":{"line":435,"column":31}},"164":{"start":{"line":436,"column":4},"end":{"line":455,"column":5}},"165":{"start":{"line":437,"column":6},"end":{"line":437,"column":24}},"166":{"start":{"line":438,"column":11},"end":{"line":455,"column":5}},"167":{"start":{"line":439,"column":6},"end":{"line":439,"column":41}},"168":{"start":{"line":441,"column":23},"end":{"line":441,"column":44}},"169":{"start":{"line":442,"column":21},"end":{"line":442,"column":56}},"170":{"start":{"line":443,"column":6},"end":{"line":443,"column":67}},"171":{"start":{"line":445,"column":6},"end":{"line":454,"column":7}},"172":{"start":{"line":446,"column":8},"end":{"line":446,"column":51}},"173":{"start":{"line":448,"column":8},"end":{"line":448,"column":49}},"174":{"start":{"line":449,"column":8},"end":{"line":452,"column":9}},"175":{"start":{"line":450,"column":24},"end":{"line":450,"column":63}},"176":{"start":{"line":451,"column":10},"end":{"line":451,"column":26}},"177":{"start":{"line":453,"column":8},"end":{"line":453,"column":39}},"178":{"start":{"line":456,"column":4},"end":{"line":456,"column":12}},"179":{"start":{"line":457,"column":4},"end":{"line":457,"column":53}},"180":{"start":{"line":459,"column":0},"end":{"line":459,"column":1}},"181":{"start":{"line":18,"column":13},"end":{"line":18,"column":23}}},"fnMap":{"0":{"name":"(anonymous_0)","decl":{"start":{"line":18,"column":0},"end":{"line":null,"column":-1}},"loc":{"start":{"line":18,"column":0},"end":{"line":18,"column":-1}}},"1":{"name":"(anonymous_2)","decl":{"start":{"line":31,"column":2},"end":{"line":null,"column":-1}},"loc":{"start":{"line":31,"column":2},"end":{"line":38,"column":3}}},"2":{"name":"(anonymous_3)","decl":{"start":{"line":49,"column":2},"end":{"line":49,"column":24}},"loc":{"start":{"line":49,"column":76},"end":{"line":56,"column":3}}},"3":{"name":"(anonymous_4)","decl":{"start":{"line":67,"column":2},"end":{"line":67,"column":24}},"loc":{"start":{"line":67,"column":37},"end":{"line":72,"column":3}}},"4":{"name":"(anonymous_5)","decl":{"start":{"line":83,"column":2},"end":{"line":83,"column":27}},"loc":{"start":{"line":83,"column":43},"end":{"line":88,"column":3}}},"5":{"name":"(anonymous_6)","decl":{"start":{"line":99,"column":2},"end":{"line":99,"column":23}},"loc":{"start":{"line":99,"column":35},"end":{"line":113,"column":3}}},"6":{"name":"(anonymous_7)","decl":{"start":{"line":124,"column":2},"end":{"line":124,"column":20}},"loc":{"start":{"line":124,"column":33},"end":{"line":136,"column":3}}},"7":{"name":"(anonymous_8)","decl":{"start":{"line":147,"column":2},"end":{"line":147,"column":20}},"loc":{"start":{"line":147,"column":33},"end":{"line":169,"column":3}}},"8":{"name":"(anonymous_9)","decl":{"start":{"line":179,"column":2},"end":{"line":179,"column":19}},"loc":{"start":{"line":179,"column":48},"end":{"line":195,"column":3}}},"9":{"name":"(anonymous_10)","decl":{"start":{"line":207,"column":2},"end":{"line":207,"column":30}},"loc":{"start":{"line":208,"column":48},"end":{"line":219,"column":3}}},"10":{"name":"(anonymous_11)","decl":{"start":{"line":231,"column":2},"end":{"line":231,"column":28}},"loc":{"start":{"line":232,"column":48},"end":{"line":257,"column":3}}},"11":{"name":"(anonymous_12)","decl":{"start":{"line":269,"column":2},"end":{"line":269,"column":29}},"loc":{"start":{"line":270,"column":48},"end":{"line":288,"column":3}}},"12":{"name":"(anonymous_13)","decl":{"start":{"line":298,"column":2},"end":{"line":298,"column":18}},"loc":{"start":{"line":298,"column":47},"end":{"line":322,"column":3}}},"13":{"name":"(anonymous_14)","decl":{"start":{"line":333,"column":2},"end":{"line":333,"column":25}},"loc":{"start":{"line":333,"column":37},"end":{"line":336,"column":3}}},"14":{"name":"(anonymous_15)","decl":{"start":{"line":347,"column":2},"end":{"line":347,"column":21}},"loc":{"start":{"line":347,"column":66},"end":{"line":364,"column":3}}},"15":{"name":"(anonymous_16)","decl":{"start":{"line":374,"column":2},"end":{"line":374,"column":16}},"loc":{"start":{"line":374,"column":45},"end":{"line":389,"column":3}}},"16":{"name":"(anonymous_17)","decl":{"start":{"line":400,"column":2},"end":{"line":400,"column":14}},"loc":{"start":{"line":400,"column":54},"end":{"line":406,"column":3}}},"17":{"name":"(anonymous_18)","decl":{"start":{"line":416,"column":2},"end":{"line":416,"column":16}},"loc":{"start":{"line":416,"column":42},"end":{"line":418,"column":3}}},"18":{"name":"(anonymous_19)","decl":{"start":{"line":431,"column":2},"end":{"line":431,"column":22}},"loc":{"start":{"line":431,"column":77},"end":{"line":458,"column":3}}}},"branchMap":{"0":{"loc":{"start":{"line":50,"column":4},"end":{"line":55,"column":5}},"type":"if","locations":[{"start":{"line":50,"column":4},"end":{"line":55,"column":5}},{"start":{"line":50,"column":4},"end":{"line":55,"column":5}}]},"1":{"loc":{"start":{"line":51,"column":6},"end":{"line":51,"column":68}},"type":"if","locations":[{"start":{"line":51,"column":6},"end":{"line":51,"column":68}},{"start":{"line":51,"column":6},"end":{"line":51,"column":68}}]},"2":{"loc":{"start":{"line":103,"column":8},"end":{"line":103,"column":23}},"type":"cond-expr","locations":[{"start":{"line":103,"column":8},"end":{"line":103,"column":23}},{"start":{"line":103,"column":26},"end":{"line":103,"column":42}}]},"3":{"loc":{"start":{"line":102,"column":20},"end":{"line":102,"column":40}},"type":"binary-expr","locations":[{"start":{"line":102,"column":20},"end":{"line":102,"column":40}},{"start":{"line":102,"column":44},"end":{"line":102,"column":78}}]},"4":{"loc":{"start":{"line":126,"column":4},"end":{"line":134,"column":5}},"type":"if","locations":[{"start":{"line":126,"column":4},"end":{"line":134,"column":5}},{"start":{"line":126,"column":4},"end":{"line":134,"column":5}}]},"5":{"loc":{"start":{"line":128,"column":11},"end":{"line":134,"column":5}},"type":"if","locations":[{"start":{"line":128,"column":11},"end":{"line":134,"column":5}},{"start":{"line":128,"column":11},"end":{"line":134,"column":5}}]},"6":{"loc":{"start":{"line":130,"column":11},"end":{"line":134,"column":5}},"type":"if","locations":[{"start":{"line":130,"column":11},"end":{"line":134,"column":5}},{"start":{"line":130,"column":11},"end":{"line":134,"column":5}}]},"7":{"loc":{"start":{"line":132,"column":11},"end":{"line":134,"column":5}},"type":"if","locations":[{"start":{"line":132,"column":11},"end":{"line":134,"column":5}},{"start":{"line":132,"column":11},"end":{"line":134,"column":5}}]},"8":{"loc":{"start":{"line":150,"column":6},"end":{"line":165,"column":7}},"type":"if","locations":[{"start":{"line":150,"column":6},"end":{"line":165,"column":7}},{"start":{"line":150,"column":6},"end":{"line":165,"column":7}}]},"9":{"loc":{"start":{"line":155,"column":13},"end":{"line":165,"column":7}},"type":"if","locations":[{"start":{"line":155,"column":13},"end":{"line":165,"column":7}},{"start":{"line":155,"column":13},"end":{"line":165,"column":7}}]},"10":{"loc":{"start":{"line":160,"column":13},"end":{"line":165,"column":7}},"type":"if","locations":[{"start":{"line":160,"column":13},"end":{"line":165,"column":7}},{"start":{"line":160,"column":13},"end":{"line":165,"column":7}}]},"11":{"loc":{"start":{"line":182,"column":4},"end":{"line":194,"column":5}},"type":"if","locations":[{"start":{"line":182,"column":4},"end":{"line":194,"column":5}},{"start":{"line":182,"column":4},"end":{"line":194,"column":5}}]},"12":{"loc":{"start":{"line":184,"column":11},"end":{"line":194,"column":5}},"type":"if","locations":[{"start":{"line":184,"column":11},"end":{"line":194,"column":5}},{"start":{"line":184,"column":11},"end":{"line":194,"column":5}}]},"13":{"loc":{"start":{"line":186,"column":11},"end":{"line":194,"column":5}},"type":"if","locations":[{"start":{"line":186,"column":11},"end":{"line":194,"column":5}},{"start":{"line":186,"column":11},"end":{"line":194,"column":5}}]},"14":{"loc":{"start":{"line":190,"column":6},"end":{"line":193,"column":7}},"type":"if","locations":[{"start":{"line":190,"column":6},"end":{"line":193,"column":7}},{"start":{"line":190,"column":6},"end":{"line":193,"column":7}}]},"15":{"loc":{"start":{"line":209,"column":4},"end":{"line":214,"column":5}},"type":"if","locations":[{"start":{"line":209,"column":4},"end":{"line":214,"column":5}},{"start":{"line":209,"column":4},"end":{"line":214,"column":5}}]},"16":{"loc":{"start":{"line":233,"column":4},"end":{"line":238,"column":5}},"type":"if","locations":[{"start":{"line":233,"column":4},"end":{"line":238,"column":5}},{"start":{"line":233,"column":4},"end":{"line":238,"column":5}}]},"17":{"loc":{"start":{"line":243,"column":4},"end":{"line":246,"column":5}},"type":"if","locations":[{"start":{"line":243,"column":4},"end":{"line":246,"column":5}},{"start":{"line":243,"column":4},"end":{"line":246,"column":5}}]},"18":{"loc":{"start":{"line":245,"column":6},"end":{"line":245,"column":45}},"type":"if","locations":[{"start":{"line":245,"column":6},"end":{"line":245,"column":45}},{"start":{"line":245,"column":6},"end":{"line":245,"column":45}}]},"19":{"loc":{"start":{"line":247,"column":4},"end":{"line":251,"column":5}},"type":"if","locations":[{"start":{"line":247,"column":4},"end":{"line":251,"column":5}},{"start":{"line":247,"column":4},"end":{"line":251,"column":5}}]},"20":{"loc":{"start":{"line":250,"column":6},"end":{"line":250,"column":45}},"type":"if","locations":[{"start":{"line":250,"column":6},"end":{"line":250,"column":45}},{"start":{"line":250,"column":6},"end":{"line":250,"column":45}}]},"21":{"loc":{"start":{"line":271,"column":4},"end":{"line":276,"column":5}},"type":"if","locations":[{"start":{"line":271,"column":4},"end":{"line":276,"column":5}},{"start":{"line":271,"column":4},"end":{"line":276,"column":5}}]},"22":{"loc":{"start":{"line":278,"column":4},"end":{"line":281,"column":5}},"type":"if","locations":[{"start":{"line":278,"column":4},"end":{"line":281,"column":5}},{"start":{"line":278,"column":4},"end":{"line":281,"column":5}}]},"23":{"loc":{"start":{"line":280,"column":6},"end":{"line":280,"column":45}},"type":"if","locations":[{"start":{"line":280,"column":6},"end":{"line":280,"column":45}},{"start":{"line":280,"column":6},"end":{"line":280,"column":45}}]},"24":{"loc":{"start":{"line":307,"column":4},"end":{"line":321,"column":5}},"type":"if","locations":[{"start":{"line":307,"column":4},"end":{"line":321,"column":5}},{"start":{"line":307,"column":4},"end":{"line":321,"column":5}}]},"25":{"loc":{"start":{"line":310,"column":11},"end":{"line":321,"column":5}},"type":"if","locations":[{"start":{"line":310,"column":11},"end":{"line":321,"column":5}},{"start":{"line":310,"column":11},"end":{"line":321,"column":5}}]},"26":{"loc":{"start":{"line":314,"column":11},"end":{"line":321,"column":5}},"type":"if","locations":[{"start":{"line":314,"column":11},"end":{"line":321,"column":5}},{"start":{"line":314,"column":11},"end":{"line":321,"column":5}}]},"27":{"loc":{"start":{"line":350,"column":4},"end":{"line":354,"column":5}},"type":"if","locations":[{"start":{"line":350,"column":4},"end":{"line":354,"column":5}},{"start":{"line":350,"column":4},"end":{"line":354,"column":5}}]},"28":{"loc":{"start":{"line":353,"column":6},"end":{"line":353,"column":45}},"type":"if","locations":[{"start":{"line":353,"column":6},"end":{"line":353,"column":45}},{"start":{"line":353,"column":6},"end":{"line":353,"column":45}}]},"29":{"loc":{"start":{"line":376,"column":6},"end":{"line":378,"column":14}},"type":"switch","locations":[{"start":{"line":376,"column":6},"end":{"line":378,"column":14}},{"start":{"line":379,"column":6},"end":{"line":381,"column":14}},{"start":{"line":382,"column":6},"end":{"line":384,"column":14}},{"start":{"line":385,"column":6},"end":{"line":387,"column":14}}]},"30":{"loc":{"start":{"line":401,"column":4},"end":{"line":401,"column":33}},"type":"if","locations":[{"start":{"line":401,"column":4},"end":{"line":401,"column":33}},{"start":{"line":401,"column":4},"end":{"line":401,"column":33}}]},"31":{"loc":{"start":{"line":432,"column":4},"end":{"line":434,"column":5}},"type":"if","locations":[{"start":{"line":432,"column":4},"end":{"line":434,"column":5}},{"start":{"line":432,"column":4},"end":{"line":434,"column":5}}]},"32":{"loc":{"start":{"line":436,"column":4},"end":{"line":455,"column":5}},"type":"if","locations":[{"start":{"line":436,"column":4},"end":{"line":455,"column":5}},{"start":{"line":436,"column":4},"end":{"line":455,"column":5}}]},"33":{"loc":{"start":{"line":438,"column":11},"end":{"line":455,"column":5}},"type":"if","locations":[{"start":{"line":438,"column":11},"end":{"line":455,"column":5}},{"start":{"line":438,"column":11},"end":{"line":455,"column":5}}]},"34":{"loc":{"start":{"line":443,"column":41},"end":{"line":443,"column":55}},"type":"cond-expr","locations":[{"start":{"line":443,"column":41},"end":{"line":443,"column":55}},{"start":{"line":443,"column":58},"end":{"line":443,"column":66}}]},"35":{"loc":{"start":{"line":445,"column":6},"end":{"line":454,"column":7}},"type":"if","locations":[{"start":{"line":445,"column":6},"end":{"line":454,"column":7}},{"start":{"line":445,"column":6},"end":{"line":454,"column":7}}]},"36":{"loc":{"start":{"line":449,"column":8},"end":{"line":452,"column":9}},"type":"if","locations":[{"start":{"line":449,"column":8},"end":{"line":452,"column":9}},{"start":{"line":449,"column":8},"end":{"line":452,"column":9}}]},"37":{"loc":{"start":{"line":449,"column":11},"end":{"line":449,"column":24}},"type":"binary-expr","locations":[{"start":{"line":449,"column":11},"end":{"line":449,"column":24}},{"start":{"line":449,"column":28},"end":{"line":449,"column":52}}]}},"s":{"0":1,"1":1,"2":1,"3":1,"4":1,"5":1,"6":14,"7":1,"8":45,"9":27,"10":0,"11":27,"12":18,"13":1,"14":18,"15":1,"16":1,"17":1,"18":26,"19":26,"20":26,"21":26,"22":26,"23":26,"24":1,"25":26,"26":26,"27":4,"28":22,"29":1,"30":21,"31":1,"32":20,"33":0,"34":20,"35":1,"36":59,"37":59,"38":162,"39":26,"40":136,"41":18,"42":118,"43":1,"44":117,"45":14,"46":1,"47":59,"48":59,"49":59,"50":26,"51":33,"52":18,"53":15,"54":1,"55":14,"56":1,"57":1,"58":1,"59":26,"60":5,"61":5,"62":5,"63":26,"64":26,"65":26,"66":1,"67":18,"68":10,"69":10,"70":10,"71":18,"72":18,"73":18,"74":18,"75":0,"76":0,"77":0,"78":18,"79":1,"80":1,"81":1,"82":18,"83":18,"84":18,"85":18,"86":18,"87":1,"88":1,"89":0,"90":0,"91":0,"92":1,"93":1,"94":0,"95":0,"96":0,"97":1,"98":1,"99":1,"100":1,"101":1,"102":1,"103":1,"104":26,"105":26,"106":26,"107":26,"108":26,"109":26,"110":26,"111":26,"112":4,"113":22,"114":1,"115":1,"116":1,"117":21,"118":1,"119":1,"120":1,"121":20,"122":20,"123":1,"124":26,"125":26,"126":1,"127":2,"128":2,"129":2,"130":0,"131":0,"132":0,"133":2,"134":2,"135":2,"136":2,"137":2,"138":2,"139":2,"140":2,"141":1,"142":87,"143":59,"144":59,"145":26,"146":26,"147":1,"148":1,"149":1,"150":1,"151":1,"152":14,"153":1,"154":14,"155":14,"156":14,"157":14,"158":1,"159":1,"160":1,"161":10,"162":4,"163":6,"164":6,"165":2,"166":4,"167":0,"168":4,"169":4,"170":4,"171":4,"172":1,"173":3,"174":3,"175":3,"176":3,"177":3,"178":6,"179":6,"180":1,"181":1},"f":{"0":2,"1":14,"2":45,"3":18,"4":1,"5":26,"6":26,"7":59,"8":59,"9":26,"10":18,"11":1,"12":26,"13":26,"14":2,"15":87,"16":14,"17":1,"18":10},"b":{"0":[27,18],"1":[0,27],"2":[10,16],"3":[26,10],"4":[4,22],"5":[1,21],"6":[1,20],"7":[0,20],"8":[26,136],"9":[18,118],"10":[1,117],"11":[26,33],"12":[18,15],"13":[1,14],"14":[1,13],"15":[5,21],"16":[10,8],"17":[0,18],"18":[0,0],"19":[1,17],"20":[1,0],"21":[0,1],"22":[0,1],"23":[0,0],"24":[4,22],"25":[1,21],"26":[1,20],"27":[0,2],"28":[0,0],"29":[59,26,1,1],"30":[1,13],"31":[4,6],"32":[2,4],"33":[0,4],"34":[1,3],"35":[1,3],"36":[3,0],"37":[3,3]}}
,"E:\\repos\\html-parser\\src\\index.ts": {"path":"E:\\repos\\html-parser\\src\\index.ts","statementMap":{"0":{"start":{"line":1,"column":0},"end":{"line":1,"column":54}},"1":{"start":{"line":1,"column":9},"end":{"line":1,"column":22}},"2":{"start":{"line":1,"column":24},"end":{"line":1,"column":33}},"3":{"start":{"line":3,"column":0},"end":{"line":3,"column":42}},"4":{"start":{"line":3,"column":9},"end":{"line":3,"column":19}}},"fnMap":{},"branchMap":{},"s":{"0":1,"1":1,"2":1,"3":1,"4":1},"f":{},"b":{}}
,"E:\\repos\\html-parser\\src\\utility.ts": {"path":"E:\\repos\\html-parser\\src\\utility.ts","statementMap":{"0":{"start":{"line":7,"column":0},"end":{"line":84,"column":0}},"1":{"start":{"line":16,"column":9},"end":{"line":31,"column":3}},"2":{"start":{"line":17,"column":14},"end":{"line":17,"column":22}},"3":{"start":{"line":18,"column":23},"end":{"line":18,"column":31}},"4":{"start":{"line":19,"column":18},"end":{"line":19,"column":22}},"5":{"start":{"line":20,"column":13},"end":{"line":20,"column":21}},"6":{"start":{"line":21,"column":13},"end":{"line":21,"column":21}},"7":{"start":{"line":23,"column":4},"end":{"line":23,"column":23}},"8":{"start":{"line":24,"column":4},"end":{"line":24,"column":36}},"9":{"start":{"line":25,"column":4},"end":{"line":25,"column":36}},"10":{"start":{"line":26,"column":4},"end":{"line":26,"column":45}},"11":{"start":{"line":27,"column":4},"end":{"line":27,"column":40}},"12":{"start":{"line":28,"column":4},"end":{"line":28,"column":35}},"13":{"start":{"line":29,"column":4},"end":{"line":29,"column":35}},"14":{"start":{"line":30,"column":4},"end":{"line":30,"column":16}},"15":{"start":{"line":41,"column":9},"end":{"line":43,"column":3}},"16":{"start":{"line":42,"column":4},"end":{"line":42,"column":64}},"17":{"start":{"line":54,"column":9},"end":{"line":57,"column":3}},"18":{"start":{"line":55,"column":4},"end":{"line":55,"column":40}},"19":{"start":{"line":55,"column":25},"end":{"line":55,"column":38}},"20":{"start":{"line":56,"column":4},"end":{"line":56,"column":49}},"21":{"start":{"line":68,"column":9},"end":{"line":71,"column":3}},"22":{"start":{"line":69,"column":4},"end":{"line":69,"column":40}},"23":{"start":{"line":69,"column":25},"end":{"line":69,"column":38}},"24":{"start":{"line":70,"column":4},"end":{"line":70,"column":42}},"25":{"start":{"line":81,"column":9},"end":{"line":83,"column":3}},"26":{"start":{"line":82,"column":4},"end":{"line":82,"column":40}},"27":{"start":{"line":84,"column":0},"end":{"line":84,"column":1}},"28":{"start":{"line":7,"column":13},"end":{"line":7,"column":20}},"29":{"start":{"line":87,"column":14},"end":{"line":87,"column":27}},"30":{"start":{"line":88,"column":9},"end":{"line":88,"column":16}}},"fnMap":{"0":{"name":"(anonymous_0)","decl":{"start":{"line":7,"column":0},"end":{"line":null,"column":-1}},"loc":{"start":{"line":7,"column":0},"end":{"line":7,"column":-1}}},"1":{"name":"(anonymous_2)","decl":{"start":{"line":16,"column":2},"end":{"line":16,"column":25}},"loc":{"start":{"line":16,"column":38},"end":{"line":31,"column":3}}},"2":{"name":"(anonymous_3)","decl":{"start":{"line":41,"column":2},"end":{"line":41,"column":17}},"loc":{"start":{"line":41,"column":28},"end":{"line":43,"column":3}}},"3":{"name":"(anonymous_4)","decl":{"start":{"line":54,"column":2},"end":{"line":54,"column":21}},"loc":{"start":{"line":54,"column":48},"end":{"line":57,"column":3}}},"4":{"name":"(anonymous_5)","decl":{"start":{"line":68,"column":2},"end":{"line":68,"column":19}},"loc":{"start":{"line":68,"column":46},"end":{"line":71,"column":3}}},"5":{"name":"(anonymous_6)","decl":{"start":{"line":81,"column":2},"end":{"line":81,"column":25}},"loc":{"start":{"line":81,"column":38},"end":{"line":83,"column":3}}}},"branchMap":{"0":{"loc":{"start":{"line":42,"column":12},"end":{"line":42,"column":21}},"type":"binary-expr","locations":[{"start":{"line":42,"column":12},"end":{"line":42,"column":21}},{"start":{"line":42,"column":25},"end":{"line":42,"column":34}},{"start":{"line":42,"column":40},"end":{"line":42,"column":49}},{"start":{"line":42,"column":53},"end":{"line":42,"column":62}}]},"1":{"loc":{"start":{"line":55,"column":4},"end":{"line":55,"column":40}},"type":"if","locations":[{"start":{"line":55,"column":4},"end":{"line":55,"column":40}},{"start":{"line":55,"column":4},"end":{"line":55,"column":40}}]},"2":{"loc":{"start":{"line":55,"column":7},"end":{"line":55,"column":10}},"type":"binary-expr","locations":[{"start":{"line":55,"column":7},"end":{"line":55,"column":10}},{"start":{"line":55,"column":14},"end":{"line":55,"column":21}}]},"3":{"loc":{"start":{"line":56,"column":12},"end":{"line":56,"column":22}},"type":"binary-expr","locations":[{"start":{"line":56,"column":12},"end":{"line":56,"column":22}},{"start":{"line":56,"column":26},"end":{"line":56,"column":47}}]},"4":{"loc":{"start":{"line":69,"column":4},"end":{"line":69,"column":40}},"type":"if","locations":[{"start":{"line":69,"column":4},"end":{"line":69,"column":40}},{"start":{"line":69,"column":4},"end":{"line":69,"column":40}}]},"5":{"loc":{"start":{"line":69,"column":7},"end":{"line":69,"column":10}},"type":"binary-expr","locations":[{"start":{"line":69,"column":7},"end":{"line":69,"column":10}},{"start":{"line":69,"column":14},"end":{"line":69,"column":21}}]},"6":{"loc":{"start":{"line":70,"column":12},"end":{"line":70,"column":22}},"type":"binary-expr","locations":[{"start":{"line":70,"column":12},"end":{"line":70,"column":22}},{"start":{"line":70,"column":26},"end":{"line":70,"column":40}}]}},"s":{"0":1,"1":1,"2":29,"3":29,"4":29,"5":29,"6":29,"7":29,"8":29,"9":29,"10":29,"11":29,"12":29,"13":29,"14":29,"15":1,"16":46,"17":1,"18":162,"19":1,"20":161,"21":1,"22":136,"23":1,"24":135,"25":1,"26":118,"27":1,"28":1,"29":1,"30":1},"f":{"0":2,"1":29,"2":46,"3":162,"4":136,"5":118},"b":{"0":[46,25,21,1],"1":[1,161],"2":[162,162],"3":[161,46],"4":[1,135],"5":[136,136],"6":[135,20]}}
}
